{"level":"info","message":"Table 'users' created successfully.","timestamp":"2026-04-01 18:34:20"}
{"level":"info","message":"Table 'UserRelation' created successfully.","timestamp":"2026-04-01 18:34:20"}
{"level":"info","message":"Database initialized successfully.","timestamp":"2026-04-01 18:34:20"}
{"level":"info","message":"\u001b[90mGET /\u001b[39m \u001b[36m304\u001b[39m \u001b[90m3ms\u001b[39m","meta":{},"timestamp":"2026-04-01 18:34:26"}
{"level":"info","message":"[UserRelationController] User user-id-1 following user undefined","timestamp":"2026-04-01 18:34:39"}
{"level":"info","message":"\u001b[90mPOST /userRelation/follow/user-id-2\u001b[39m \u001b[32m201\u001b[39m \u001b[90m8ms\u001b[39m","meta":{},"timestamp":"2026-04-01 18:34:39"}
{"level":"info","message":"[UserRelationController] User undefined unfollowing user user-id-1","timestamp":"2026-04-01 18:34:39"}
{"level":"info","message":"\u001b[90mDELETE /userRelation/unfollow/user-id-2\u001b[39m \u001b[32m200\u001b[39m \u001b[90m1ms\u001b[39m","meta":{},"timestamp":"2026-04-01 18:34:39"}
{"level":"info","message":"[UserRelationController] User user-id-1 accepting request from undefined","timestamp":"2026-04-01 18:34:39"}
{"level":"info","message":"\u001b[90mPATCH /userRelation/accept/user-id-1\u001b[39m \u001b[32m200\u001b[39m \u001b[90m3ms\u001b[39m","meta":{},"timestamp":"2026-04-01 18:34:39"}
{"level":"info","message":"[UserRelationController] User user-id-1 refusing request from undefined","timestamp":"2026-04-01 18:34:39"}
{"level":"info","message":"\u001b[90mPATCH /userRelation/refuse/user-id-1\u001b[39m \u001b[32m200\u001b[39m \u001b[90m2ms\u001b[39m","meta":{},"timestamp":"2026-04-01 18:34:39"}
{"level":"info","message":"[UserRelationController] User user-id-1 blocking user undefined","timestamp":"2026-04-01 18:34:39"}
{"level":"info","message":"\u001b[90mPOST /userRelation/block/user-id-2\u001b[39m \u001b[32m200\u001b[39m \u001b[90m2ms\u001b[39m","meta":{},"timestamp":"2026-04-01 18:34:39"}
{"level":"info","message":"[UserRelationController] Getting friends for user undefined","timestamp":"2026-04-01 18:34:39"}
{"level":"info","message":"\u001b[90mGET /userRelation/friends/user-id-1\u001b[39m \u001b[32m200\u001b[39m \u001b[90m1ms\u001b[39m","meta":{},"timestamp":"2026-04-01 18:34:39"}
{"level":"info","message":"[UserRelationController] Getting pending requests for user user-id-1","timestamp":"2026-04-01 18:34:39"}
{"level":"info","message":"\u001b[90mGET /userRelation/request\u001b[39m \u001b[32m200\u001b[39m \u001b[90m1ms\u001b[39m","meta":{},"timestamp":"2026-04-01 18:34:39"}
{"email":"integration@test.com","level":"info","message":"createUser request body:","password":"password123","privacy":"public","timestamp":"2026-04-01 18:34:39","username":"testuser"}
{"level":"info","message":"Creating user with email: integration@test.com","timestamp":"2026-04-01 18:34:39"}
{"level":"info","message":"User created with id: a3274cd4-55e7-4dbf-9836-8d29ca589c49","timestamp":"2026-04-01 18:34:39"}
{"level":"info","message":"\u001b[90mPOST /user/register\u001b[39m \u001b[32m201\u001b[39m \u001b[90m144ms\u001b[39m","meta":{},"timestamp":"2026-04-01 18:34:39"}
{"email":"duplicate@test.com","level":"info","message":"createUser request body:","password":"password123","timestamp":"2026-04-01 18:34:39","username":"dupuser"}
{"level":"info","message":"Creating user with email: duplicate@test.com","timestamp":"2026-04-01 18:34:39"}
{"level":"info","message":"User created with id: 0580bd44-3037-4555-bcdc-505bea8fdf30","timestamp":"2026-04-01 18:34:39"}
{"level":"info","message":"\u001b[90mPOST /user/register\u001b[39m \u001b[32m201\u001b[39m \u001b[90m70ms\u001b[39m","meta":{},"timestamp":"2026-04-01 18:34:39"}
{"email":"duplicate@test.com","level":"info","message":"createUser request body:","password":"password123","timestamp":"2026-04-01 18:34:39","username":"dupuser"}
{"level":"info","message":"Creating user with email: duplicate@test.com","timestamp":"2026-04-01 18:34:39"}
{"level":"error","message":"User with this email already exists","timestamp":"2026-04-01 18:34:39"}
{"level":"error","timestamp":"2026-04-01 18:34:39"}
{"level":"info","message":"\u001b[90mPOST /user/register\u001b[39m \u001b[33m400\u001b[39m \u001b[90m4ms\u001b[39m","meta":{},"timestamp":"2026-04-01 18:34:39"}
{"email":"login@test.com","level":"info","message":"createUser request body:","password":"password123","timestamp":"2026-04-01 18:34:39","username":"loginuser"}
{"level":"info","message":"Creating user with email: login@test.com","timestamp":"2026-04-01 18:34:39"}
{"level":"info","message":"User created with id: d1eec64d-996c-43c0-9883-521c40d0bec9","timestamp":"2026-04-01 18:34:39"}
{"level":"info","message":"\u001b[90mPOST /user/register\u001b[39m \u001b[32m201\u001b[39m \u001b[90m68ms\u001b[39m","meta":{},"timestamp":"2026-04-01 18:34:39"}
{"level":"info","message":"User login attempt with email: login@test.com","timestamp":"2026-04-01 18:34:39"}
{"level":"info","message":"User logged in successfully with email: login@test.com","timestamp":"2026-04-01 18:34:39"}
{"level":"info","message":"\u001b[90mPOST /user/login\u001b[39m \u001b[32m200\u001b[39m \u001b[90m64ms\u001b[39m","meta":{},"timestamp":"2026-04-01 18:34:39"}
{"email":"login-fail@test.com","level":"info","message":"createUser request body:","password":"password123","timestamp":"2026-04-01 18:34:39","username":"loginfail"}
{"level":"info","message":"Creating user with email: login-fail@test.com","timestamp":"2026-04-01 18:34:39"}
{"level":"info","message":"User created with id: dad8d9d8-f172-47ee-969e-347730a02f4a","timestamp":"2026-04-01 18:34:39"}
{"level":"info","message":"\u001b[90mPOST /user/register\u001b[39m \u001b[32m201\u001b[39m \u001b[90m66ms\u001b[39m","meta":{},"timestamp":"2026-04-01 18:34:39"}
{"level":"info","message":"User login attempt with email: login-fail@test.com","timestamp":"2026-04-01 18:34:39"}
{"level":"warn","message":"Login failed: Invalid password for user with email: login-fail@test.com","timestamp":"2026-04-01 18:34:39"}
{"level":"info","message":"\u001b[90mPOST /user/login\u001b[39m \u001b[33m401\u001b[39m \u001b[90m62ms\u001b[39m","meta":{},"timestamp":"2026-04-01 18:34:39"}
{"level":"info","message":"\u001b[90mGET /api/docs/\u001b[39m \u001b[36m304\u001b[39m \u001b[90m1ms\u001b[39m","meta":{},"timestamp":"2026-04-01 18:36:29"}
{"level":"info","message":"\u001b[90mGET /api/docs/swagger-ui.css\u001b[39m \u001b[36m304\u001b[39m \u001b[90m2ms\u001b[39m","meta":{},"timestamp":"2026-04-01 18:36:29"}
{"level":"info","message":"\u001b[90mGET /api/docs/swagger-ui-bundle.js\u001b[39m \u001b[36m304\u001b[39m \u001b[90m3ms\u001b[39m","meta":{},"timestamp":"2026-04-01 18:36:29"}
{"level":"info","message":"\u001b[90mGET /api/docs/swagger-ui-standalone-preset.js\u001b[39m \u001b[36m304\u001b[39m \u001b[90m1ms\u001b[39m","meta":{},"timestamp":"2026-04-01 18:36:29"}
{"level":"info","message":"\u001b[90mGET /api/docs/swagger-ui-init.js\u001b[39m \u001b[36m304\u001b[39m \u001b[90m0ms\u001b[39m","meta":{},"timestamp":"2026-04-01 18:36:29"}
{"level":"info","message":"\u001b[90mGET /api/docs/\u001b[39m \u001b[36m304\u001b[39m \u001b[90m1ms\u001b[39m","meta":{},"timestamp":"2026-04-01 18:38:19"}
{"level":"info","message":"\u001b[90mGET /api/docs/swagger-ui.css\u001b[39m \u001b[36m304\u001b[39m \u001b[90m1ms\u001b[39m","meta":{},"timestamp":"2026-04-01 18:38:19"}
{"level":"info","message":"\u001b[90mGET /api/docs/swagger-ui-bundle.js\u001b[39m \u001b[36m304\u001b[39m \u001b[90m1ms\u001b[39m","meta":{},"timestamp":"2026-04-01 18:38:19"}
{"level":"info","message":"\u001b[90mGET /api/docs/swagger-ui-init.js\u001b[39m \u001b[36m304\u001b[39m \u001b[90m0ms\u001b[39m","meta":{},"timestamp":"2026-04-01 18:38:19"}
{"level":"info","message":"\u001b[90mGET /api/docs/swagger-ui-standalone-preset.js\u001b[39m \u001b[36m304\u001b[39m \u001b[90m3ms\u001b[39m","meta":{},"timestamp":"2026-04-01 18:38:19"}
{"level":"info","message":"Table 'users' created successfully.","timestamp":"2026-04-01 18:48:05"}
{"level":"info","message":"Table 'UserRelation' created successfully.","timestamp":"2026-04-01 18:48:05"}
{"level":"info","message":"Database initialized successfully.","timestamp":"2026-04-01 18:48:05"}
{"level":"info","message":"Table 'users' created successfully.","timestamp":"2026-04-01 18:48:06"}
{"level":"info","message":"Table 'UserRelation' created successfully.","timestamp":"2026-04-01 18:48:06"}
{"level":"info","message":"Database initialized successfully.","timestamp":"2026-04-01 18:48:06"}
{"level":"info","message":"\u001b[90mGET /\u001b[39m \u001b[36m304\u001b[39m \u001b[90m3ms\u001b[39m","meta":{},"timestamp":"2026-04-01 18:48:07"}
{"level":"info","message":"\u001b[90mGET /api/docs/\u001b[39m \u001b[36m304\u001b[39m \u001b[90m2ms\u001b[39m","meta":{},"timestamp":"2026-04-01 18:48:09"}
{"level":"info","message":"\u001b[90mGET /api/docs/swagger-ui-init.js\u001b[39m \u001b[32m200\u001b[39m \u001b[90m0ms\u001b[39m","meta":{},"timestamp":"2026-04-01 18:48:09"}
{"level":"info","message":"\u001b[90mGET /api/docs/swagger-ui.css\u001b[39m \u001b[32m200\u001b[39m \u001b[90m7ms\u001b[39m","meta":{},"timestamp":"2026-04-01 18:48:09"}
{"level":"info","message":"\u001b[90mGET /api/docs/swagger-ui-standalone-preset.js\u001b[39m \u001b[32m200\u001b[39m \u001b[90m7ms\u001b[39m","meta":{},"timestamp":"2026-04-01 18:48:09"}
{"level":"info","message":"\u001b[90mGET /api/docs/swagger-ui-bundle.js\u001b[39m \u001b[32m200\u001b[39m \u001b[90m13ms\u001b[39m","meta":{},"timestamp":"2026-04-01 18:48:09"}
{"level":"info","message":"Table 'users' created successfully.","timestamp":"2026-04-01 19:03:17"}
{"level":"info","message":"Table 'UserRelation' created successfully.","timestamp":"2026-04-01 19:03:17"}
{"level":"info","message":"Database initialized successfully.","timestamp":"2026-04-01 19:03:17"}
{"level":"info","message":"\u001b[90mGET /\u001b[39m \u001b[36m304\u001b[39m \u001b[90m1ms\u001b[39m","meta":{},"timestamp":"2026-04-01 19:03:18"}
{"level":"info","message":"\u001b[90mGET /api/docs/\u001b[39m \u001b[36m304\u001b[39m \u001b[90m2ms\u001b[39m","meta":{},"timestamp":"2026-04-01 19:03:21"}
{"level":"info","message":"\u001b[90mGET /api/docs/swagger-ui.css\u001b[39m \u001b[32m200\u001b[39m \u001b[90m5ms\u001b[39m","meta":{},"timestamp":"2026-04-01 19:03:21"}
{"level":"info","message":"\u001b[90mGET /api/docs/swagger-ui-standalone-preset.js\u001b[39m \u001b[32m200\u001b[39m \u001b[90m5ms\u001b[39m","meta":{},"timestamp":"2026-04-01 19:03:21"}
{"level":"info","message":"\u001b[90mGET /api/docs/swagger-ui-bundle.js\u001b[39m \u001b[32m200\u001b[39m \u001b[90m11ms\u001b[39m","meta":{},"timestamp":"2026-04-01 19:03:21"}
{"level":"info","message":"\u001b[90mGET /api/docs/swagger-ui-init.js\u001b[39m \u001b[32m200\u001b[39m \u001b[90m0ms\u001b[39m","meta":{},"timestamp":"2026-04-01 19:03:21"}
