{"level":"error","message":"User with this email already exists","timestamp":"2026-04-01 18:34:39"}
{"level":"error","timestamp":"2026-04-01 18:34:39"}
{"level":"error","message":"User with this email already exists","timestamp":"2026-04-01 21:23:05"}
{"level":"error","timestamp":"2026-04-01 21:23:05"}
{"level":"error","message":"User with this email already exists","timestamp":"2026-04-01 21:26:01"}
{"level":"error","timestamp":"2026-04-01 21:26:01"}
{"level":"error","message":"User with this email already exists","timestamp":"2026-04-01 21:26:36"}
{"level":"error","timestamp":"2026-04-01 21:26:36"}
{"level":"error","message":"User with this email already exists","timestamp":"2026-04-01 21:29:26"}
{"level":"error","timestamp":"2026-04-01 21:29:26"}
{"level":"error","message":"User with this email already exists","timestamp":"2026-04-01 21:38:45"}
{"level":"error","timestamp":"2026-04-01 21:38:45"}
{"level":"error","message":"User with this email already exists","timestamp":"2026-04-01 21:41:09"}
{"level":"error","timestamp":"2026-04-01 21:41:09"}
{"level":"error","message":"User with this email already exists","timestamp":"2026-04-01 21:45:41"}
{"level":"error","timestamp":"2026-04-01 21:45:41"}
{"level":"error","message":"User with this email already exists","timestamp":"2026-04-01 21:46:11"}
{"level":"error","timestamp":"2026-04-01 21:46:11"}
{"level":"error","message":"User with this email already exists","timestamp":"2026-04-02 21:18:45"}
{"level":"error","timestamp":"2026-04-02 21:18:45"}
{"level":"error","message":"middlewareError","meta":{"date":"Thu Apr 02 2026 21:28:00 GMT+0200 (heure d’été d’Europe centrale)","error":{"body":"{\r\n  \"collection_id\": \"2f06652b-38e0-465c-82fa-91a0f3c89a33\",\r\n  \"content_id\": \"368c7d8d-9b9b-46ba-93d3-23ac90e1a688\",\r\n  \"position\" : 2\r\n  \"note\": \"Ajouté à ma collection\"\r\n}\r\n","expose":true,"status":400,"statusCode":400,"type":"entity.parse.failed"},"exception":true,"level":"error","message":"uncaughtException: Expected ',' or '}' after property value in JSON at position 140 (line 5 column 3)\nSyntaxError: Expected ',' or '}' after property value in JSON at position 140 (line 5 column 3)\n    at JSON.parse (<anonymous>)\n    at parse (F:\\Cours\\ProjetFinal\\radioMonoko-back\\node_modules\\body-parser\\lib\\types\\json.js:92:19)\n    at F:\\Cours\\ProjetFinal\\radioMonoko-back\\node_modules\\body-parser\\lib\\read.js:128:18\n    at AsyncResource.runInAsyncScope (node:async_hooks:214:14)\n    at invokeCallback (F:\\Cours\\ProjetFinal\\radioMonoko-back\\node_modules\\raw-body\\index.js:238:16)\n    at done (F:\\Cours\\ProjetFinal\\radioMonoko-back\\node_modules\\raw-body\\index.js:227:7)\n    at IncomingMessage.onEnd (F:\\Cours\\ProjetFinal\\radioMonoko-back\\node_modules\\raw-body\\index.js:287:7)\n    at IncomingMessage.emit (node:events:508:28)\n    at endReadableNT (node:internal/streams/readable:1701:12)\n    at process.processTicksAndRejections (node:internal/process/task_queues:89:21)","os":{"loadavg":[0,0,0],"uptime":15269.453},"process":{"argv":["C:\\Program Files\\nodejs\\node.exe","F:\\Cours\\ProjetFinal\\radioMonoko-back\\index.ts"],"cwd":"F:\\Cours\\ProjetFinal\\radioMonoko-back","execPath":"C:\\Program Files\\nodejs\\node.exe","gid":null,"memoryUsage":{"arrayBuffers":2184166,"external":6410447,"heapTotal":33832960,"heapUsed":31602616,"rss":108445696},"pid":22820,"uid":null,"version":"v24.13.0"},"req":{"headers":{"accept":"*/*","accept-encoding":"gzip, deflate, br","connection":"keep-alive","content-length":"179","content-type":"application/json","host":"localhost:3000","postman-token":"3ee9dc4f-815d-463e-a0f1-8dc0be093de3","user-agent":"PostmanRuntime/7.51.1"},"httpVersion":"1.1","method":"POST","originalUrl":"/collectionItems","query":{},"url":"/collectionItems"},"stack":"SyntaxError: Expected ',' or '}' after property value in JSON at position 140 (line 5 column 3)\n    at JSON.parse (<anonymous>)\n    at parse (F:\\Cours\\ProjetFinal\\radioMonoko-back\\node_modules\\body-parser\\lib\\types\\json.js:92:19)\n    at F:\\Cours\\ProjetFinal\\radioMonoko-back\\node_modules\\body-parser\\lib\\read.js:128:18\n    at AsyncResource.runInAsyncScope (node:async_hooks:214:14)\n    at invokeCallback (F:\\Cours\\ProjetFinal\\radioMonoko-back\\node_modules\\raw-body\\index.js:238:16)\n    at done (F:\\Cours\\ProjetFinal\\radioMonoko-back\\node_modules\\raw-body\\index.js:227:7)\n    at IncomingMessage.onEnd (F:\\Cours\\ProjetFinal\\radioMonoko-back\\node_modules\\raw-body\\index.js:287:7)\n    at IncomingMessage.emit (node:events:508:28)\n    at endReadableNT (node:internal/streams/readable:1701:12)\n    at process.processTicksAndRejections (node:internal/process/task_queues:89:21)","trace":[{"column":null,"file":null,"function":"JSON.parse","line":null,"method":"parse","native":false},{"column":19,"file":"F:\\Cours\\ProjetFinal\\radioMonoko-back\\node_modules\\body-parser\\lib\\types\\json.js","function":"parse","line":92,"method":null,"native":false},{"column":18,"file":"F:\\Cours\\ProjetFinal\\radioMonoko-back\\node_modules\\body-parser\\lib\\read.js","function":null,"line":128,"method":null,"native":false},{"column":14,"file":"node:async_hooks","function":"AsyncResource.runInAsyncScope","line":214,"method":"runInAsyncScope","native":false},{"column":16,"file":"F:\\Cours\\ProjetFinal\\radioMonoko-back\\node_modules\\raw-body\\index.js","function":"invokeCallback","line":238,"method":null,"native":false},{"column":7,"file":"F:\\Cours\\ProjetFinal\\radioMonoko-back\\node_modules\\raw-body\\index.js","function":"done","line":227,"method":null,"native":false},{"column":7,"file":"F:\\Cours\\ProjetFinal\\radioMonoko-back\\node_modules\\raw-body\\index.js","function":"IncomingMessage.onEnd","line":287,"method":"onEnd","native":false},{"column":28,"file":"node:events","function":"IncomingMessage.emit","line":508,"method":"emit","native":false},{"column":12,"file":"node:internal/streams/readable","function":"endReadableNT","line":1701,"method":null,"native":false},{"column":21,"file":"node:internal/process/task_queues","function":"process.processTicksAndRejections","line":89,"method":"processTicksAndRejections","native":false}]},"timestamp":"2026-04-02 21:28:00"}
{"level":"error","message":"User with this email already exists","timestamp":"2026-04-06 14:06:24"}
{"level":"error","timestamp":"2026-04-06 14:06:24"}
{"level":"error","message":"User with this email already exists","timestamp":"2026-04-06 17:56:59"}
{"level":"error","timestamp":"2026-04-06 17:56:59"}
{"level":"error","message":"User with this email already exists","timestamp":"2026-04-06 18:00:55"}
{"level":"error","timestamp":"2026-04-06 18:00:55"}
{"level":"error","message":"User with this email already exists","timestamp":"2026-05-03 15:10:09"}
{"level":"error","timestamp":"2026-05-03 15:10:09"}
{"level":"error","message":"User not found","timestamp":"2026-05-03 15:10:09"}
{"level":"error","timestamp":"2026-05-03 15:10:09"}
{"level":"error","message":"User not found","timestamp":"2026-05-03 15:10:09"}
{"level":"error","timestamp":"2026-05-03 15:10:09"}
{"level":"error","message":"User with this email already exists","timestamp":"2026-05-03 15:13:22"}
{"level":"error","timestamp":"2026-05-03 15:13:22"}
{"level":"error","message":"User not found","timestamp":"2026-05-03 15:13:22"}
{"level":"error","timestamp":"2026-05-03 15:13:22"}
{"level":"error","message":"User not found","timestamp":"2026-05-03 15:13:22"}
{"level":"error","timestamp":"2026-05-03 15:13:22"}
{"level":"error","message":"User with this email already exists","timestamp":"2026-05-03 15:19:22"}
{"level":"error","timestamp":"2026-05-03 15:19:22"}
{"level":"error","message":"User not found","timestamp":"2026-05-03 15:19:23"}
{"level":"error","timestamp":"2026-05-03 15:19:23"}
{"level":"error","message":"User not found","timestamp":"2026-05-03 15:19:23"}
{"level":"error","timestamp":"2026-05-03 15:19:23"}
{"level":"error","message":"User with this email already exists","timestamp":"2026-05-03 15:20:45"}
{"level":"error","timestamp":"2026-05-03 15:20:45"}
{"level":"error","message":"User with this email already exists","timestamp":"2026-05-03 15:21:01"}
{"level":"error","timestamp":"2026-05-03 15:21:01"}
{"level":"error","message":"User with this email already exists","timestamp":"2026-05-03 15:21:13"}
{"level":"error","timestamp":"2026-05-03 15:21:13"}
{"level":"error","message":"User with this email already exists","timestamp":"2026-05-03 15:21:27"}
{"level":"error","timestamp":"2026-05-03 15:21:27"}
{"level":"error","message":"User with this email already exists","timestamp":"2026-05-03 15:21:35"}
{"level":"error","timestamp":"2026-05-03 15:21:35"}
{"level":"error","message":"User with this email already exists","timestamp":"2026-05-03 15:26:53"}
{"level":"error","timestamp":"2026-05-03 15:26:53"}
{"level":"error","message":"User with this email already exists","timestamp":"2026-05-03 16:26:52"}
{"level":"error","timestamp":"2026-05-03 16:26:52"}
{"level":"error","message":"User with this email already exists","timestamp":"2026-05-03 16:28:49"}
{"level":"error","timestamp":"2026-05-03 16:28:49"}
{"level":"error","message":"User with this email already exists","timestamp":"2026-05-03 16:31:28"}
{"level":"error","timestamp":"2026-05-03 16:31:28"}
{"level":"error","message":"User with this email already exists","timestamp":"2026-05-03 16:44:13"}
{"level":"error","timestamp":"2026-05-03 16:44:13"}
{"level":"error","message":"User with this email already exists","timestamp":"2026-05-09 19:46:14"}
{"level":"error","timestamp":"2026-05-09 19:46:14"}
{"level":"error","message":"User with this email already exists","timestamp":"2026-05-09 19:57:51"}
{"level":"error","timestamp":"2026-05-09 19:57:51"}
{"level":"error","message":"User with this email already exists","timestamp":"2026-05-09 20:03:46"}
{"level":"error","timestamp":"2026-05-09 20:03:46"}
{"level":"error","message":"User with this email already exists","timestamp":"2026-05-09 20:04:11"}
{"level":"error","timestamp":"2026-05-09 20:04:11"}
{"level":"error","message":"User with this email already exists","timestamp":"2026-05-09 20:07:41"}
{"level":"error","timestamp":"2026-05-09 20:07:41"}
{"level":"error","message":"User with this email already exists","timestamp":"2026-05-09 20:08:16"}
{"level":"error","timestamp":"2026-05-09 20:08:16"}
{"level":"error","message":"User with this email already exists","timestamp":"2026-05-09 20:09:21"}
{"level":"error","timestamp":"2026-05-09 20:09:21"}
{"level":"error","message":"User with this email already exists","timestamp":"2026-05-19 09:15:18"}
{"level":"error","timestamp":"2026-05-19 09:15:18"}
{"level":"error","message":"User with this email already exists","timestamp":"2026-05-19 09:25:03"}
{"level":"error","timestamp":"2026-05-19 09:25:03"}
{"level":"error","message":"User with this email already exists","timestamp":"2026-05-19 09:26:59"}
{"level":"error","timestamp":"2026-05-19 09:26:59"}
{"level":"error","message":"User with this email already exists","timestamp":"2026-05-19 10:11:49"}
{"level":"error","timestamp":"2026-05-19 10:11:49"}
{"level":"error","message":"User with this email already exists","timestamp":"2026-05-19 10:12:08"}
{"level":"error","timestamp":"2026-05-19 10:12:08"}
{"level":"error","message":"User with this email already exists","timestamp":"2026-05-19 10:12:28"}
{"level":"error","timestamp":"2026-05-19 10:12:28"}
{"level":"error","message":"User with this email already exists","timestamp":"2026-05-19 10:26:00"}
{"level":"error","timestamp":"2026-05-19 10:26:00"}
{"level":"error","message":"User with this email already exists","timestamp":"2026-05-19 10:26:30"}
{"level":"error","timestamp":"2026-05-19 10:26:30"}
{"level":"error","message":"User with this email already exists","timestamp":"2026-05-19 10:27:03"}
{"level":"error","timestamp":"2026-05-19 10:27:03"}
{"level":"error","message":"User with this email already exists","timestamp":"2026-05-19 14:31:04"}
{"level":"error","timestamp":"2026-05-19 14:31:04"}
{"code":"22P02","file":"numutils.c","length":179,"level":"error","line":"617","message":"[FeedController] getMyFeed failed: invalid input syntax for type integer: \"c05422c9-0f54-46fc-b48a-184cd3573c4d\"","name":"error","routine":"pg_strtoint32_safe","severity":"ERROR","stack":"error: invalid input syntax for type integer: \"c05422c9-0f54-46fc-b48a-184cd3573c4d\"\n    at F:\\Cours\\ProjetFinal\\radioMonoko-back\\node_modules\\pg-pool\\index.js:45:11\n    at processTicksAndRejections (node:internal/process/task_queues:103:5)\n    at UserRelationDAO.getFollowing (F:\\Cours\\ProjetFinal\\radioMonoko-back\\src\\DAO\\userRelationDAO.ts:64:26)\n    at FeedService.getFeed (F:\\Cours\\ProjetFinal\\radioMonoko-back\\src\\services\\feedService.ts:14:26)\n    at FeedController.getMyFeed (F:\\Cours\\ProjetFinal\\radioMonoko-back\\src\\controllers\\feed.controller.ts:15:26)","timestamp":"2026-05-19 14:31:06","where":"unnamed portal parameter $1 = '...'"}
{"code":"22P02","file":"numutils.c","length":179,"level":"error","line":"617","message":"[FeedController] getMyFeed failed: invalid input syntax for type integer: \"935dc23b-233a-4d8c-b6f6-4cb0804e61cc\"","name":"error","routine":"pg_strtoint32_safe","severity":"ERROR","stack":"error: invalid input syntax for type integer: \"935dc23b-233a-4d8c-b6f6-4cb0804e61cc\"\n    at F:\\Cours\\ProjetFinal\\radioMonoko-back\\node_modules\\pg-pool\\index.js:45:11\n    at processTicksAndRejections (node:internal/process/task_queues:103:5)\n    at UserRelationDAO.getFollowing (F:\\Cours\\ProjetFinal\\radioMonoko-back\\src\\DAO\\userRelationDAO.ts:64:26)\n    at FeedService.getFeed (F:\\Cours\\ProjetFinal\\radioMonoko-back\\src\\services\\feedService.ts:14:26)\n    at FeedController.getMyFeed (F:\\Cours\\ProjetFinal\\radioMonoko-back\\src\\controllers\\feed.controller.ts:15:26)","timestamp":"2026-05-19 14:31:32","where":"unnamed portal parameter $1 = '...'"}
{"level":"error","message":"User with this email already exists","timestamp":"2026-05-19 14:35:15"}
{"level":"error","timestamp":"2026-05-19 14:35:15"}
{"level":"error","message":"User with this email already exists","timestamp":"2026-05-19 14:35:52"}
{"level":"error","timestamp":"2026-05-19 14:35:52"}
{"level":"error","message":"User with this email already exists","timestamp":"2026-05-19 14:37:03"}
{"level":"error","timestamp":"2026-05-19 14:37:03"}
{"level":"error","message":"User with this email already exists","timestamp":"2026-05-19 14:42:30"}
{"level":"error","timestamp":"2026-05-19 14:42:30"}
{"level":"error","message":"User with this email already exists","timestamp":"2026-05-19 15:28:48"}
{"level":"error","timestamp":"2026-05-19 15:28:48"}
{"level":"error","message":"User with this email already exists","timestamp":"2026-05-19 15:29:06"}
{"level":"error","timestamp":"2026-05-19 15:29:06"}
{"level":"error","message":"User with this email already exists","timestamp":"2026-05-27 20:15:41"}
{"level":"error","timestamp":"2026-05-27 20:15:41"}
{"level":"error","message":"User with this email already exists","timestamp":"2026-05-27 20:27:04"}
{"level":"error","timestamp":"2026-05-27 20:27:04"}
{"level":"error","message":"User with this email already exists","timestamp":"2026-05-27 20:30:59"}
{"level":"error","timestamp":"2026-05-27 20:30:59"}
{"level":"error","message":"User with this email already exists","timestamp":"2026-05-27 21:23:34"}
{"level":"error","timestamp":"2026-05-27 21:23:34"}
{"level":"error","message":"User with this email already exists","timestamp":"2026-05-27 21:26:11"}
{"level":"error","timestamp":"2026-05-27 21:26:11"}
{"level":"error","message":"User with this email already exists","timestamp":"2026-05-27 21:29:45"}
{"level":"error","timestamp":"2026-05-27 21:29:45"}
{"level":"error","message":"User with this email already exists","timestamp":"2026-05-27 22:33:54"}
{"level":"error","timestamp":"2026-05-27 22:33:54"}
{"level":"error","message":"User with this email already exists","timestamp":"2026-05-27 22:34:35"}
{"level":"error","timestamp":"2026-05-27 22:34:35"}
{"level":"error","message":"User with this email already exists","timestamp":"2026-05-27 22:35:21"}
{"level":"error","timestamp":"2026-05-27 22:35:21"}
{"level":"error","message":"User with this email already exists","timestamp":"2026-05-27 22:39:28"}
{"level":"error","timestamp":"2026-05-27 22:39:28"}
{"code":"22P02","file":"uuid.c","length":141,"level":"error","line":"133","name":"error","routine":"string_to_uuid","severity":"ERROR","timestamp":"2026-05-27 22:39:57","where":"unnamed portal parameter $1 = '...'"}
{"code":"22P02","file":"uuid.c","length":141,"level":"error","line":"133","name":"error","routine":"string_to_uuid","severity":"ERROR","timestamp":"2026-05-27 22:39:57","where":"unnamed portal parameter $1 = '...'"}
{"code":"22P02","file":"uuid.c","length":141,"level":"error","line":"133","message":"[FeedController] getMyFeed failed: invalid input syntax for type uuid: \"test-user\"","name":"error","routine":"string_to_uuid","severity":"ERROR","stack":"error: invalid input syntax for type uuid: \"test-user\"\n    at F:\\Cours\\ProjetFinal\\radioMonoko-back\\node_modules\\pg-pool\\index.js:45:11\n    at processTicksAndRejections (node:internal/process/task_queues:103:5)\n    at UserRelationDAO.getFollowing (F:\\Cours\\ProjetFinal\\radioMonoko-back\\src\\DAO\\userRelationDAO.ts:64:22)\n    at FeedService.getFeed (F:\\Cours\\ProjetFinal\\radioMonoko-back\\src\\services\\feedService.ts:14:22)\n    at FeedController.getMyFeed (F:\\Cours\\ProjetFinal\\radioMonoko-back\\src\\controllers\\feed.controller.ts:15:20)","timestamp":"2026-05-27 22:39:57","where":"unnamed portal parameter $1 = '...'"}
{"code":"22P02","file":"uuid.c","length":141,"level":"error","line":"133","name":"error","routine":"string_to_uuid","severity":"ERROR","timestamp":"2026-05-27 22:39:57","where":"unnamed portal parameter $1 = '...'"}
{"code":"22P02","file":"uuid.c","length":141,"level":"error","line":"133","name":"error","routine":"string_to_uuid","severity":"ERROR","timestamp":"2026-05-27 22:39:57","where":"unnamed portal parameter $1 = '...'"}
{"code":"22P02","file":"uuid.c","length":141,"level":"error","line":"133","name":"error","routine":"string_to_uuid","severity":"ERROR","timestamp":"2026-05-27 22:39:57","where":"unnamed portal parameter $1 = '...'"}
{"code":"22P02","file":"uuid.c","length":141,"level":"error","line":"133","name":"error","routine":"string_to_uuid","severity":"ERROR","timestamp":"2026-05-27 22:39:57","where":"unnamed portal parameter $1 = '...'"}
{"level":"error","message":"User with this email already exists","timestamp":"2026-05-27 22:39:58"}
{"level":"error","timestamp":"2026-05-27 22:39:58"}
{"code":"22P02","file":"uuid.c","length":141,"level":"error","line":"133","name":"error","routine":"string_to_uuid","severity":"ERROR","timestamp":"2026-05-27 22:39:59","where":"unnamed portal parameter $1 = '...'"}
{"code":"22P02","file":"uuid.c","length":141,"level":"error","line":"133","name":"error","routine":"string_to_uuid","severity":"ERROR","timestamp":"2026-05-27 22:39:59","where":"unnamed portal parameter $1 = '...'"}
{"code":"22P02","file":"uuid.c","length":141,"level":"error","line":"133","name":"error","routine":"string_to_uuid","severity":"ERROR","timestamp":"2026-05-27 22:39:59","where":"unnamed portal parameter $1 = '...'"}
{"code":"22P02","file":"uuid.c","length":141,"level":"error","line":"133","name":"error","routine":"string_to_uuid","severity":"ERROR","timestamp":"2026-05-27 22:39:59","where":"unnamed portal parameter $1 = '...'"}
{"code":"22P02","file":"uuid.c","length":141,"level":"error","line":"133","name":"error","routine":"string_to_uuid","severity":"ERROR","timestamp":"2026-05-27 22:39:59","where":"unnamed portal parameter $1 = '...'"}
{"code":"22P02","file":"uuid.c","length":141,"level":"error","line":"133","name":"error","routine":"string_to_uuid","severity":"ERROR","timestamp":"2026-05-27 22:39:59","where":"unnamed portal parameter $1 = '...'"}
{"code":"22P02","file":"uuid.c","length":141,"level":"error","line":"133","name":"error","routine":"string_to_uuid","severity":"ERROR","timestamp":"2026-05-27 22:39:59","where":"unnamed portal parameter $1 = '...'"}
{"code":"22P02","file":"uuid.c","length":141,"level":"error","line":"133","name":"error","routine":"string_to_uuid","severity":"ERROR","timestamp":"2026-05-27 22:39:59","where":"unnamed portal parameter $1 = '...'"}
{"code":"22P02","file":"uuid.c","length":141,"level":"error","line":"133","name":"error","routine":"string_to_uuid","severity":"ERROR","timestamp":"2026-05-27 22:40:00","where":"unnamed portal parameter $1 = '...'"}
{"level":"error","message":"User with this email already exists","timestamp":"2026-05-27 22:43:18"}
{"level":"error","timestamp":"2026-05-27 22:43:18"}
{"code":"22P02","file":"uuid.c","length":141,"level":"error","line":"133","name":"error","routine":"string_to_uuid","severity":"ERROR","timestamp":"2026-05-27 22:43:18","where":"unnamed portal parameter $1 = '...'"}
{"level":"error","message":"User with this email already exists","timestamp":"2026-05-27 22:50:32"}
{"level":"error","timestamp":"2026-05-27 22:50:32"}
{"code":"22P02","file":"uuid.c","length":141,"level":"error","line":"133","name":"error","routine":"string_to_uuid","severity":"ERROR","timestamp":"2026-05-27 22:50:33","where":"unnamed portal parameter $1 = '...'"}
{"level":"error","timestamp":"2026-05-27 22:50:41"}
{"level":"error","message":"User with this email already exists","timestamp":"2026-05-27 22:51:32"}
{"level":"error","timestamp":"2026-05-27 22:51:32"}
{"level":"error","message":"User with this email already exists","timestamp":"2026-05-27 22:51:49"}
{"level":"error","timestamp":"2026-05-27 22:51:49"}
{"level":"error","message":"User with this email already exists","timestamp":"2026-05-27 22:52:25"}
{"level":"error","timestamp":"2026-05-27 22:52:25"}
{"level":"error","message":"User with this email already exists","timestamp":"2026-05-27 22:52:58"}
{"level":"error","timestamp":"2026-05-27 22:52:58"}
{"level":"error","message":"User with this email already exists","timestamp":"2026-05-27 22:54:00"}
{"level":"error","timestamp":"2026-05-27 22:54:00"}
{"level":"error","message":"User with this email already exists","timestamp":"2026-05-27 22:54:25"}
{"level":"error","timestamp":"2026-05-27 22:54:25"}
{"level":"error","message":"User with this email already exists","timestamp":"2026-05-27 22:56:45"}
{"level":"error","timestamp":"2026-05-27 22:56:45"}
{"level":"error","message":"User with this email already exists","timestamp":"2026-05-27 22:57:30"}
{"level":"error","timestamp":"2026-05-27 22:57:30"}
{"level":"error","message":"User with this email already exists","timestamp":"2026-05-27 22:59:37"}
{"level":"error","timestamp":"2026-05-27 22:59:37"}
{"level":"error","message":"User with this email already exists","timestamp":"2026-05-27 23:01:54"}
{"level":"error","timestamp":"2026-05-27 23:01:54"}
{"level":"error","message":"User with this email already exists","timestamp":"2026-05-27 23:02:53"}
{"level":"error","timestamp":"2026-05-27 23:02:53"}
{"level":"error","message":"User with this email already exists","timestamp":"2026-05-27 23:04:47"}
{"level":"error","timestamp":"2026-05-27 23:04:47"}
{"level":"error","message":"User with this email already exists","timestamp":"2026-05-27 23:05:08"}
{"level":"error","timestamp":"2026-05-27 23:05:08"}
{"level":"error","message":"User with this email already exists","timestamp":"2026-05-29 14:26:32"}
{"level":"error","timestamp":"2026-05-29 14:26:32"}
{"level":"error","message":"User with this email already exists","timestamp":"2026-05-29 14:37:57"}
{"level":"error","timestamp":"2026-05-29 14:37:57"}
{"level":"error","message":"User with this email already exists","timestamp":"2026-05-29 14:49:03"}
{"level":"error","timestamp":"2026-05-29 14:49:03"}
{"level":"error","message":"User with this email already exists","timestamp":"2026-05-29 14:58:42"}
{"level":"error","timestamp":"2026-05-29 14:58:42"}
{"level":"error","message":"User with this email already exists","timestamp":"2026-05-29 15:18:40"}
{"level":"error","timestamp":"2026-05-29 15:18:40"}
{"level":"error","message":"User with this email already exists","timestamp":"2026-05-29 15:20:16"}
{"level":"error","timestamp":"2026-05-29 15:20:16"}
{"level":"error","message":"User with this email already exists","timestamp":"2026-05-29 15:21:34"}
{"level":"error","timestamp":"2026-05-29 15:21:34"}
{"level":"error","message":"User with this email already exists","timestamp":"2026-05-29 15:22:49"}
{"level":"error","timestamp":"2026-05-29 15:22:49"}
{"level":"error","message":"User with this email already exists","timestamp":"2026-05-29 15:49:01"}
{"level":"error","timestamp":"2026-05-29 15:49:01"}
{"level":"error","message":"User with this email already exists","timestamp":"2026-05-29 15:52:01"}
{"level":"error","timestamp":"2026-05-29 15:52:01"}
{"level":"error","message":"User with this email already exists","timestamp":"2026-05-29 21:17:17"}
{"level":"error","timestamp":"2026-05-29 21:17:17"}
{"level":"error","message":"User with this email already exists","timestamp":"2026-05-29 21:18:08"}
{"level":"error","timestamp":"2026-05-29 21:18:08"}
{"level":"error","message":"User with this email already exists","timestamp":"2026-05-29 21:18:33"}
{"level":"error","timestamp":"2026-05-29 21:18:33"}
{"level":"error","message":"User with this email already exists","timestamp":"2026-05-30 10:24:35"}
{"level":"error","timestamp":"2026-05-30 10:24:35"}
{"level":"error","message":"User with this email already exists","timestamp":"2026-05-30 10:31:04"}
{"level":"error","timestamp":"2026-05-30 10:31:04"}
{"level":"error","message":"User with this email already exists","timestamp":"2026-05-30 10:34:34"}
{"level":"error","timestamp":"2026-05-30 10:34:34"}
{"level":"error","message":"User with this email already exists","timestamp":"2026-05-30 10:39:35"}
{"level":"error","timestamp":"2026-05-30 10:39:35"}
{"level":"error","message":"User with this email already exists","timestamp":"2026-05-30 10:39:58"}
{"level":"error","timestamp":"2026-05-30 10:39:58"}
{"level":"error","message":"User with this email already exists","timestamp":"2026-05-30 10:41:28"}
{"level":"error","timestamp":"2026-05-30 10:41:28"}
{"level":"error","message":"User with this email already exists","timestamp":"2026-05-30 10:42:03"}
{"level":"error","timestamp":"2026-05-30 10:42:03"}
{"level":"error","message":"User with this email already exists","timestamp":"2026-05-30 10:52:09"}
{"level":"error","timestamp":"2026-05-30 10:52:09"}
{"level":"error","message":"User with this email already exists","timestamp":"2026-05-30 17:04:01"}
{"level":"error","timestamp":"2026-05-30 17:04:01"}
{"level":"error","message":"[RedisConnexion] Client Error AggregateError","timestamp":"2026-05-30 17:08:01"}
{"level":"error","message":"[RedisConnexion] Client Error AggregateError","timestamp":"2026-05-30 17:08:02"}
{"level":"error","message":"[RedisConnexion] Client Error AggregateError","timestamp":"2026-05-30 17:08:02"}
{"level":"error","message":"[RedisConnexion] Client Error AggregateError","timestamp":"2026-05-30 17:08:02"}
{"level":"error","message":"[RedisConnexion] Client Error AggregateError","timestamp":"2026-05-30 17:08:03"}
{"level":"error","message":"[RedisConnexion] Client Error AggregateError","timestamp":"2026-05-30 17:08:04"}
{"level":"error","message":"[RedisConnexion] Client Error AggregateError","timestamp":"2026-05-30 17:08:05"}
{"level":"error","message":"User with this email already exists","timestamp":"2026-06-01 09:06:54"}
{"level":"error","timestamp":"2026-06-01 09:06:54"}
{"level":"error","message":"User with this email already exists","timestamp":"2026-06-01 16:20:58"}
{"level":"error","timestamp":"2026-06-01 16:20:58"}
{"level":"error","message":"User with this email already exists","timestamp":"2026-06-01 16:31:10"}
{"level":"error","timestamp":"2026-06-01 16:31:10"}
{"level":"error","message":"User with this email already exists","timestamp":"2026-06-01 16:33:44"}
{"level":"error","timestamp":"2026-06-01 16:33:44"}
{"level":"error","message":"User with this email already exists","timestamp":"2026-06-01 16:41:08"}
{"level":"error","timestamp":"2026-06-01 16:41:08"}
{"level":"error","message":"User with this email already exists","timestamp":"2026-06-01 17:42:24"}
{"level":"error","timestamp":"2026-06-01 17:42:24"}
{"level":"error","message":"User with this email already exists","timestamp":"2026-06-01 19:01:14"}
{"level":"error","timestamp":"2026-06-01 19:01:14"}
{"level":"error","message":"User with this email already exists","timestamp":"2026-06-01 19:21:28"}
{"level":"error","timestamp":"2026-06-01 19:21:28"}
{"level":"error","message":"User with this email already exists","timestamp":"2026-06-01 19:21:50"}
{"level":"error","timestamp":"2026-06-01 19:21:50"}
{"level":"error","message":"User with this email already exists","timestamp":"2026-06-01 19:29:27"}
{"level":"error","timestamp":"2026-06-01 19:29:27"}
{"level":"error","message":"User with this email already exists","timestamp":"2026-06-01 19:33:58"}
{"level":"error","timestamp":"2026-06-01 19:33:58"}
{"level":"error","message":"User with this email already exists","timestamp":"2026-06-01 20:29:05"}
{"level":"error","timestamp":"2026-06-01 20:29:05"}
{"level":"error","message":"User with this email already exists","timestamp":"2026-06-02 20:42:17"}
{"level":"error","timestamp":"2026-06-02 20:42:17"}
{"level":"error","message":"User with this email already exists","timestamp":"2026-06-02 20:46:36"}
{"level":"error","timestamp":"2026-06-02 20:46:36"}
{"level":"error","message":"User with this email already exists","timestamp":"2026-06-02 20:52:35"}
{"level":"error","timestamp":"2026-06-02 20:52:35"}
{"level":"error","message":"User with this email already exists","timestamp":"2026-06-02 21:21:49"}
{"level":"error","timestamp":"2026-06-02 21:21:49"}
{"level":"error","message":"User with this email already exists","timestamp":"2026-06-03 18:40:13"}
{"level":"error","timestamp":"2026-06-03 18:40:13"}
{"level":"error","message":"User with this email already exists","timestamp":"2026-06-03 18:54:26"}
{"level":"error","timestamp":"2026-06-03 18:54:26"}
{"level":"error","message":"User with this email already exists","timestamp":"2026-06-03 18:54:44"}
{"level":"error","timestamp":"2026-06-03 18:54:44"}
{"level":"error","message":"User with this email already exists","timestamp":"2026-06-03 18:55:00"}
{"level":"error","timestamp":"2026-06-03 18:55:00"}
{"level":"error","message":"User with this email already exists","timestamp":"2026-06-03 18:55:30"}
{"level":"error","timestamp":"2026-06-03 18:55:30"}
{"level":"error","message":"User with this email already exists","timestamp":"2026-06-03 18:56:32"}
{"level":"error","timestamp":"2026-06-03 18:56:32"}
{"level":"error","message":"User with this email already exists","timestamp":"2026-06-03 18:58:21"}
{"level":"error","timestamp":"2026-06-03 18:58:21"}
{"level":"error","message":"User with this email already exists","timestamp":"2026-06-03 19:01:42"}
{"level":"error","timestamp":"2026-06-03 19:01:42"}
{"level":"error","message":"User with this email already exists","timestamp":"2026-06-03 19:40:44"}
{"level":"error","timestamp":"2026-06-03 19:40:44"}
{"level":"error","message":"User with this email already exists","timestamp":"2026-06-07 13:58:36"}
{"level":"error","timestamp":"2026-06-07 13:58:36"}
{"level":"error","message":"User with this email already exists","timestamp":"2026-06-07 15:00:00"}
{"level":"error","timestamp":"2026-06-07 15:00:00"}
{"level":"error","message":"User with this email already exists","timestamp":"2026-06-07 15:03:48"}
{"level":"error","timestamp":"2026-06-07 15:03:48"}
{"level":"error","message":"[RedisConnexion] Client Error AggregateError","timestamp":"2026-06-08 18:35:30"}
{"level":"error","message":"[RedisConnexion] Client Error AggregateError","timestamp":"2026-06-08 18:35:30"}
{"level":"error","message":"[RedisConnexion] Client Error AggregateError","timestamp":"2026-06-08 18:35:30"}
{"level":"error","message":"[RedisConnexion] Client Error AggregateError","timestamp":"2026-06-08 18:35:31"}
{"level":"error","message":"[RedisConnexion] Client Error AggregateError","timestamp":"2026-06-08 18:35:31"}
{"level":"error","message":"User with this email already exists","timestamp":"2026-06-08 18:35:43"}
{"level":"error","timestamp":"2026-06-08 18:35:43"}
{"level":"error","message":"User with this email already exists","timestamp":"2026-06-08 18:42:51"}
{"level":"error","timestamp":"2026-06-08 18:42:51"}
{"level":"error","message":"User with this email already exists","timestamp":"2026-06-09 09:30:37"}
{"level":"error","timestamp":"2026-06-09 09:30:37"}
{"level":"error","message":"User with this email already exists","timestamp":"2026-06-09 09:32:35"}
{"level":"error","timestamp":"2026-06-09 09:32:35"}
{"level":"error","message":"User with this email already exists","timestamp":"2026-06-09 09:33:52"}
{"level":"error","timestamp":"2026-06-09 09:33:52"}
{"level":"error","message":"User with this email already exists","timestamp":"2026-06-09 09:35:01"}
{"level":"error","timestamp":"2026-06-09 09:35:01"}
{"level":"error","message":"User with this email already exists","timestamp":"2026-06-09 10:17:30"}
{"level":"error","timestamp":"2026-06-09 10:17:30"}
{"level":"error","message":"User with this email already exists","timestamp":"2026-06-09 10:29:13"}
{"level":"error","timestamp":"2026-06-09 10:29:13"}
{"level":"error","message":"Error verifying token: jwt malformed","timestamp":"2026-06-09 10:29:21"}
{"level":"error","message":"Error verifying token: jwt malformed","timestamp":"2026-06-09 10:29:21"}
{"level":"error","message":"Error verifying token: jwt malformed","timestamp":"2026-06-09 10:29:21"}
{"level":"error","message":"Error verifying token: jwt malformed","timestamp":"2026-06-09 10:29:21"}
{"level":"error","message":"[auth.middleware] test user check failed: invalid input syntax for type uuid: \"test-user-id\"","timestamp":"2026-06-09 10:30:08"}
{"level":"error","message":"[auth.middleware] test user check failed: invalid input syntax for type uuid: \"test-user-id\"","timestamp":"2026-06-09 10:30:08"}
{"level":"error","message":"[auth.middleware] test user check failed: invalid input syntax for type uuid: \"test-user-id\"","timestamp":"2026-06-09 10:30:08"}
{"level":"error","message":"[auth.middleware] test user check failed: invalid input syntax for type uuid: \"test-user-id\"","timestamp":"2026-06-09 10:30:08"}
{"level":"error","message":"User with this email already exists","timestamp":"2026-06-09 10:30:14"}
{"level":"error","timestamp":"2026-06-09 10:30:14"}
{"level":"error","message":"User with this email already exists","timestamp":"2026-06-09 10:32:02"}
{"level":"error","timestamp":"2026-06-09 10:32:02"}
{"level":"error","message":"User with this email already exists","timestamp":"2026-06-09 10:32:38"}
{"level":"error","timestamp":"2026-06-09 10:32:38"}
{"level":"error","message":"User with this email already exists","timestamp":"2026-06-09 10:35:30"}
{"level":"error","timestamp":"2026-06-09 10:35:30"}
{"level":"error","message":"Password must be at least 6 characters long","timestamp":"2026-06-09 13:47:16"}
{"level":"error","timestamp":"2026-06-09 13:47:16"}
{"code":"22001","file":"varchar.c","length":99,"level":"error","line":"638","message":"uploadAvatarBase64 error value too long for type character varying(255)","name":"error","routine":"varchar","severity":"ERROR","stack":"error: value too long for type character varying(255)\n    at C:\\Users\\nolsa\\IdeaProjects\\radioMonoko-back\\node_modules\\pg-pool\\index.js:45:11\n    at process.processTicksAndRejections (node:internal/process/task_queues:105:5)\n    at async UserDAO.edit (C:\\Users\\nolsa\\IdeaProjects\\radioMonoko-back\\src\\DAO\\userDAO.ts:37:20)\n    at async UserService.modifyUser (C:\\Users\\nolsa\\IdeaProjects\\radioMonoko-back\\src\\services\\userService.ts:113:24)\n    at async uploadAvatarBase64 (C:\\Users\\nolsa\\IdeaProjects\\radioMonoko-back\\src\\controllers\\user.controller.ts:198:29)","timestamp":"2026-06-09 16:16:13"}
{"code":"23505","constraint":"users_username_key","detail":"Key (username)=(testuser) already exists.","file":"nbtinsert.c","length":209,"level":"error","line":"666","name":"error","routine":"_bt_check_unique","schema":"public","severity":"ERROR","table":"users","timestamp":"2026-06-10 18:47:56"}
{"code":"23505","constraint":"users_username_key","detail":"Key (username)=(test) already exists.","file":"nbtinsert.c","length":205,"level":"error","line":"666","name":"error","routine":"_bt_check_unique","schema":"public","severity":"ERROR","table":"users","timestamp":"2026-06-09 14:33:35"}
{"level":"error","message":"Password must be at least 6 characters long","timestamp":"2026-06-09 14:53:47"}
{"level":"error","timestamp":"2026-06-09 14:53:47"}
{"level":"error","message":"Error verifying token: jwt expired","timestamp":"2026-06-10 19:42:29"}
{"level":"error","message":"Error verifying token: jwt expired","timestamp":"2026-06-10 19:43:29"}
{"level":"error","message":"Error verifying token: jwt expired","timestamp":"2026-06-10 19:44:29"}
{"level":"error","message":"Error verifying token: jwt expired","timestamp":"2026-06-10 19:45:29"}
{"level":"error","message":"Error verifying token: jwt expired","timestamp":"2026-06-10 19:46:29"}
{"level":"error","message":"Error verifying token: jwt expired","timestamp":"2026-06-10 19:47:29"}
{"level":"error","message":"Error verifying token: jwt expired","timestamp":"2026-06-10 19:48:29"}
{"level":"error","message":"Error verifying token: jwt expired","timestamp":"2026-06-10 19:49:29"}
{"level":"error","message":"Error verifying token: jwt expired","timestamp":"2026-06-10 19:50:29"}
{"level":"error","message":"Error verifying token: jwt expired","timestamp":"2026-06-10 19:51:29"}
{"level":"error","message":"Error verifying token: jwt expired","timestamp":"2026-06-10 19:52:29"}
{"level":"error","message":"Error verifying token: jwt expired","timestamp":"2026-06-10 19:53:29"}
{"level":"error","message":"Error verifying token: jwt expired","timestamp":"2026-06-10 19:54:29"}
{"level":"error","message":"Error verifying token: jwt expired","timestamp":"2026-06-10 19:55:29"}
{"level":"error","message":"Error verifying token: jwt expired","timestamp":"2026-06-10 19:56:29"}
{"level":"error","message":"Error verifying token: jwt expired","timestamp":"2026-06-10 19:57:29"}
{"level":"error","message":"Error verifying token: jwt expired","timestamp":"2026-06-10 19:58:29"}
{"level":"error","message":"Error verifying token: jwt expired","timestamp":"2026-06-10 19:59:29"}
{"level":"error","message":"Error verifying token: jwt expired","timestamp":"2026-06-10 20:00:29"}
{"level":"error","message":"Error verifying token: jwt expired","timestamp":"2026-06-10 20:01:29"}
{"level":"error","message":"Error verifying token: jwt expired","timestamp":"2026-06-10 20:02:29"}
{"level":"error","message":"Error verifying token: jwt expired","timestamp":"2026-06-10 20:03:29"}
{"level":"error","message":"Error verifying token: jwt expired","timestamp":"2026-06-10 20:04:29"}
{"level":"error","message":"Error verifying token: jwt expired","timestamp":"2026-06-10 20:05:29"}
{"level":"error","message":"Error verifying token: jwt expired","timestamp":"2026-06-10 20:06:29"}
{"level":"error","message":"Error verifying token: jwt expired","timestamp":"2026-06-10 20:07:29"}
{"level":"error","message":"Error verifying token: jwt expired","timestamp":"2026-06-10 20:08:29"}
{"level":"error","message":"Error verifying token: jwt expired","timestamp":"2026-06-10 20:09:29"}
{"level":"error","message":"Error verifying token: jwt expired","timestamp":"2026-06-10 20:10:29"}
{"level":"error","message":"Error verifying token: jwt expired","timestamp":"2026-06-10 20:11:29"}
{"level":"error","message":"Error verifying token: jwt expired","timestamp":"2026-06-10 20:12:29"}
{"level":"error","message":"Error verifying token: jwt expired","timestamp":"2026-06-10 20:13:29"}
{"level":"error","message":"Error verifying token: jwt expired","timestamp":"2026-06-10 20:14:29"}
{"level":"error","message":"Error verifying token: jwt expired","timestamp":"2026-06-10 20:15:29"}
{"level":"error","message":"Error verifying token: jwt expired","timestamp":"2026-06-10 20:16:29"}
{"level":"error","message":"Error verifying token: jwt expired","timestamp":"2026-06-10 20:17:29"}
{"level":"error","message":"Error verifying token: jwt expired","timestamp":"2026-06-10 20:18:29"}
{"level":"error","message":"Error verifying token: jwt expired","timestamp":"2026-06-10 20:19:29"}
{"level":"error","message":"Error verifying token: jwt expired","timestamp":"2026-06-10 20:20:29"}
{"level":"error","message":"Error verifying token: jwt expired","timestamp":"2026-06-10 20:21:29"}
{"level":"error","message":"Error verifying token: jwt expired","timestamp":"2026-06-10 20:22:29"}
{"level":"error","message":"Error verifying token: jwt expired","timestamp":"2026-06-10 20:23:29"}
{"level":"error","message":"Error verifying token: jwt expired","timestamp":"2026-06-10 20:24:29"}
{"level":"error","message":"Error verifying token: jwt expired","timestamp":"2026-06-10 20:25:29"}
{"level":"error","message":"Error verifying token: jwt expired","timestamp":"2026-06-10 20:26:29"}
{"level":"error","message":"Error verifying token: jwt expired","timestamp":"2026-06-10 20:27:29"}
{"level":"error","message":"Error verifying token: jwt expired","timestamp":"2026-06-10 20:28:29"}
{"level":"error","message":"Error verifying token: jwt expired","timestamp":"2026-06-10 20:29:29"}
{"level":"error","message":"Error verifying token: jwt expired","timestamp":"2026-06-10 20:30:29"}
{"level":"error","message":"Error verifying token: jwt expired","timestamp":"2026-06-10 20:31:29"}
{"level":"error","message":"Error verifying token: jwt expired","timestamp":"2026-06-10 20:32:29"}
{"level":"error","message":"Error verifying token: jwt expired","timestamp":"2026-06-10 20:33:29"}
{"level":"error","message":"Error verifying token: jwt expired","timestamp":"2026-06-10 20:34:29"}
{"level":"error","message":"Error verifying token: jwt expired","timestamp":"2026-06-10 20:35:29"}
{"level":"error","message":"Error verifying token: jwt expired","timestamp":"2026-06-10 20:36:29"}
{"level":"error","message":"Error verifying token: jwt expired","timestamp":"2026-06-10 20:37:29"}
{"level":"error","message":"Error verifying token: jwt expired","timestamp":"2026-06-10 20:38:29"}
{"level":"error","message":"Error verifying token: jwt expired","timestamp":"2026-06-10 20:39:29"}
{"level":"error","message":"Error verifying token: jwt expired","timestamp":"2026-06-10 20:40:29"}
{"level":"error","message":"Error verifying token: jwt expired","timestamp":"2026-06-10 20:41:29"}
{"level":"error","message":"Error verifying token: jwt expired","timestamp":"2026-06-10 20:42:29"}
{"level":"error","message":"Error verifying token: jwt expired","timestamp":"2026-06-10 20:43:29"}
{"level":"error","message":"Error verifying token: jwt expired","timestamp":"2026-06-10 20:44:29"}
{"level":"error","message":"Error verifying token: jwt expired","timestamp":"2026-06-10 20:45:29"}
{"level":"error","message":"Error verifying token: jwt expired","timestamp":"2026-06-10 20:46:29"}
{"level":"error","message":"Error verifying token: jwt expired","timestamp":"2026-06-10 20:47:29"}
{"level":"error","message":"Error verifying token: jwt expired","timestamp":"2026-06-10 20:48:29"}
{"level":"error","message":"Error verifying token: jwt expired","timestamp":"2026-06-10 20:49:29"}
{"level":"error","message":"Error verifying token: jwt expired","timestamp":"2026-06-10 20:50:29"}
{"level":"error","message":"Error verifying token: jwt expired","timestamp":"2026-06-10 20:51:29"}
{"level":"error","message":"Error verifying token: jwt expired","timestamp":"2026-06-10 20:52:29"}
{"level":"error","message":"Error verifying token: jwt expired","timestamp":"2026-06-10 20:53:29"}
{"level":"error","message":"Error verifying token: jwt expired","timestamp":"2026-06-10 20:54:29"}
{"level":"error","message":"Error verifying token: jwt expired","timestamp":"2026-06-10 20:55:29"}
{"level":"error","message":"Error verifying token: jwt expired","timestamp":"2026-06-10 20:56:29"}
{"level":"error","message":"Error verifying token: jwt expired","timestamp":"2026-06-10 20:57:29"}
{"level":"error","message":"Error verifying token: jwt expired","timestamp":"2026-06-10 20:58:29"}
{"level":"error","message":"Error verifying token: jwt expired","timestamp":"2026-06-10 20:59:29"}
{"level":"error","message":"Error verifying token: jwt expired","timestamp":"2026-06-10 21:00:29"}
{"level":"error","message":"User with this email already exists","timestamp":"2026-06-10 21:04:49"}
{"level":"error","timestamp":"2026-06-10 21:04:49"}
{"level":"error","message":"User with this email already exists","timestamp":"2026-06-10 21:05:18"}
{"level":"error","timestamp":"2026-06-10 21:05:18"}
{"level":"error","message":"[UserRelationController] Error getting friends: this.userRelationService.getFriendsForOther is not a function","timestamp":"2026-06-10 21:06:44"}
{"level":"error","message":"[UserRelationController] Error getting friends: this.userRelationService.getFriendsForOther is not a function","timestamp":"2026-06-10 21:06:44"}
{"level":"error","message":"User with this email already exists","timestamp":"2026-06-10 21:06:44"}
{"level":"error","timestamp":"2026-06-10 21:06:44"}
{"level":"error","message":"User with this email already exists","timestamp":"2026-06-10 21:07:26"}
{"level":"error","timestamp":"2026-06-10 21:07:26"}
{"level":"error","message":"User with this email already exists","timestamp":"2026-06-10 21:07:49"}
{"level":"error","timestamp":"2026-06-10 21:07:49"}
{"level":"error","message":"User with this email already exists","timestamp":"2026-06-10 21:08:22"}
{"level":"error","timestamp":"2026-06-10 21:08:22"}
{"level":"error","message":"User with this email already exists","timestamp":"2026-06-10 21:08:25"}
{"level":"error","timestamp":"2026-06-10 21:08:25"}
{"level":"error","message":"User with this email already exists","timestamp":"2026-06-10 21:09:22"}
{"level":"error","timestamp":"2026-06-10 21:09:22"}
{"level":"error","message":"User with this email already exists","timestamp":"2026-06-10 21:14:11"}
{"level":"error","timestamp":"2026-06-10 21:14:11"}
{"code":"42703","file":"parse_relation.c","length":120,"level":"error","line":"3722","name":"error","position":"101","routine":"errorMissingColumn","severity":"ERROR","timestamp":"2026-06-10 22:48:04"}
{"code":"42703","file":"parse_relation.c","length":120,"level":"error","line":"3722","name":"error","position":"101","routine":"errorMissingColumn","severity":"ERROR","timestamp":"2026-06-10 22:48:09"}
{"level":"error","message":"middlewareError","meta":{"date":"Thu Jun 11 2026 17:38:04 GMT+0200 (heure d’été d’Europe centrale)","error":{"expected":2830867,"length":2830867,"limit":1048576,"message":"request entity too large","type":"entity.too.large"},"exception":true,"level":"error","message":"uncaughtException: request entity too large\nPayloadTooLargeError: request entity too large\n    at readStream (F:\\Cours\\ProjetFinal\\radioMonoko-back\\node_modules\\raw-body\\index.js:163:17)\n    at getRawBody (F:\\Cours\\ProjetFinal\\radioMonoko-back\\node_modules\\raw-body\\index.js:116:12)\n    at read (F:\\Cours\\ProjetFinal\\radioMonoko-back\\node_modules\\body-parser\\lib\\read.js:79:3)\n    at jsonParser (F:\\Cours\\ProjetFinal\\radioMonoko-back\\node_modules\\body-parser\\lib\\types\\json.js:138:5)\n    at Layer.handle [as handle_request] (F:\\Cours\\ProjetFinal\\radioMonoko-back\\node_modules\\express\\lib\\router\\layer.js:95:5)\n    at trim_prefix (F:\\Cours\\ProjetFinal\\radioMonoko-back\\node_modules\\express\\lib\\router\\index.js:328:13)\n    at F:\\Cours\\ProjetFinal\\radioMonoko-back\\node_modules\\express\\lib\\router\\index.js:286:9\n    at router.process_params (F:\\Cours\\ProjetFinal\\radioMonoko-back\\node_modules\\express\\lib\\router\\index.js:346:12)\n    at next (F:\\Cours\\ProjetFinal\\radioMonoko-back\\node_modules\\express\\lib\\router\\index.js:280:10)\n    at F:\\Cours\\ProjetFinal\\radioMonoko-back\\node_modules\\express-winston\\index.js:429:9","os":{"loadavg":[0,0,0],"uptime":1815.375},"process":{"argv":["C:\\Program Files\\nodejs\\node.exe","F:\\Cours\\ProjetFinal\\radioMonoko-back\\index.ts"],"cwd":"F:\\Cours\\ProjetFinal\\radioMonoko-back","execPath":"C:\\Program Files\\nodejs\\node.exe","gid":null,"memoryUsage":{"arrayBuffers":5333829,"external":9559950,"heapTotal":50679808,"heapUsed":43471832,"rss":130953216},"pid":26452,"uid":null,"version":"v24.13.0"},"req":{"headers":{"accept":"application/json, text/plain, */*","accept-encoding":"gzip, deflate, br, zstd","accept-language":"fr-FR,fr;q=0.9","authorization":"Bearer eyJhbGciOiJIUzI1NiIsInR5cCI6IkpXVCJ9.eyJpZCI6IjAwMzM5ZTQ2LTI0NDktNDg4My1hMTM4LTk3MTgwNzljY2VlNSIsImVtYWlsIjoiYWRtaW5AYWRtaW4uY29tIiwicm9sZSI6InVzZXIiLCJpYXQiOjE3ODExOTIyMjQsImV4cCI6MTc4MTE5NTgyNH0.XiT6Tlrqyx6c78XB-26DrKt774UjdbQEpAOJLDtUJSM","connection":"close","content-length":"2830867","content-type":"application/json","host":"localhost:3000","origin":"http://localhost:5173","referer":"http://localhost:5173/search?q=pierre","sec-ch-ua":"\"Chromium\";v=\"148\", \"Google Chrome\";v=\"148\", \"Not/A)Brand\";v=\"99\"","sec-ch-ua-mobile":"?0","sec-ch-ua-platform":"\"Windows\"","sec-fetch-dest":"empty","sec-fetch-mode":"cors","sec-fetch-site":"same-origin","user-agent":"Mozilla/5.0 (Windows NT 10.0; Win64; x64) AppleWebKit/537.36 (KHTML, like Gecko) Chrome/148.0.0.0 Safari/537.36"},"httpVersion":"1.1","method":"POST","originalUrl":"/user/me/avatar-base64","query":{},"url":"/user/me/avatar-base64"},"stack":"PayloadTooLargeError: request entity too large\n    at readStream (F:\\Cours\\ProjetFinal\\radioMonoko-back\\node_modules\\raw-body\\index.js:163:17)\n    at getRawBody (F:\\Cours\\ProjetFinal\\radioMonoko-back\\node_modules\\raw-body\\index.js:116:12)\n    at read (F:\\Cours\\ProjetFinal\\radioMonoko-back\\node_modules\\body-parser\\lib\\read.js:79:3)\n    at jsonParser (F:\\Cours\\ProjetFinal\\radioMonoko-back\\node_modules\\body-parser\\lib\\types\\json.js:138:5)\n    at Layer.handle [as handle_request] (F:\\Cours\\ProjetFinal\\radioMonoko-back\\node_modules\\express\\lib\\router\\layer.js:95:5)\n    at trim_prefix (F:\\Cours\\ProjetFinal\\radioMonoko-back\\node_modules\\express\\lib\\router\\index.js:328:13)\n    at F:\\Cours\\ProjetFinal\\radioMonoko-back\\node_modules\\express\\lib\\router\\index.js:286:9\n    at router.process_params (F:\\Cours\\ProjetFinal\\radioMonoko-back\\node_modules\\express\\lib\\router\\index.js:346:12)\n    at next (F:\\Cours\\ProjetFinal\\radioMonoko-back\\node_modules\\express\\lib\\router\\index.js:280:10)\n    at F:\\Cours\\ProjetFinal\\radioMonoko-back\\node_modules\\express-winston\\index.js:429:9","trace":[{"column":17,"file":"F:\\Cours\\ProjetFinal\\radioMonoko-back\\node_modules\\raw-body\\index.js","function":"readStream","line":163,"method":null,"native":false},{"column":12,"file":"F:\\Cours\\ProjetFinal\\radioMonoko-back\\node_modules\\raw-body\\index.js","function":"getRawBody","line":116,"method":null,"native":false},{"column":3,"file":"F:\\Cours\\ProjetFinal\\radioMonoko-back\\node_modules\\body-parser\\lib\\read.js","function":"read","line":79,"method":null,"native":false},{"column":5,"file":"F:\\Cours\\ProjetFinal\\radioMonoko-back\\node_modules\\body-parser\\lib\\types\\json.js","function":"jsonParser","line":138,"method":null,"native":false},{"column":5,"file":"F:\\Cours\\ProjetFinal\\radioMonoko-back\\node_modules\\express\\lib\\router\\layer.js","function":"Layer.handle [as handle_request]","line":95,"method":"handle [as handle_request]","native":false},{"column":13,"file":"F:\\Cours\\ProjetFinal\\radioMonoko-back\\node_modules\\express\\lib\\router\\index.js","function":"trim_prefix","line":328,"method":null,"native":false},{"column":9,"file":"F:\\Cours\\ProjetFinal\\radioMonoko-back\\node_modules\\express\\lib\\router\\index.js","function":null,"line":286,"method":null,"native":false},{"column":12,"file":"F:\\Cours\\ProjetFinal\\radioMonoko-back\\node_modules\\express\\lib\\router\\index.js","function":"router.process_params","line":346,"method":"process_params","native":false},{"column":10,"file":"F:\\Cours\\ProjetFinal\\radioMonoko-back\\node_modules\\express\\lib\\router\\index.js","function":"next","line":280,"method":null,"native":false},{"column":9,"file":"F:\\Cours\\ProjetFinal\\radioMonoko-back\\node_modules\\express-winston\\index.js","function":null,"line":429,"method":null,"native":false}]},"timestamp":"2026-06-11 17:38:04"}
{"code":"42703","file":"parse_relation.c","length":120,"level":"error","line":"3722","name":"error","position":"101","routine":"errorMissingColumn","severity":"ERROR","timestamp":"2026-06-11 17:45:06"}
{"code":"42703","file":"parse_relation.c","length":120,"level":"error","line":"3722","name":"error","position":"101","routine":"errorMissingColumn","severity":"ERROR","timestamp":"2026-06-11 17:45:06"}
{"code":"42703","file":"parse_relation.c","length":120,"level":"error","line":"3722","name":"error","position":"101","routine":"errorMissingColumn","severity":"ERROR","timestamp":"2026-06-11 17:45:06"}
{"code":"42703","file":"parse_relation.c","length":120,"level":"error","line":"3722","name":"error","position":"101","routine":"errorMissingColumn","severity":"ERROR","timestamp":"2026-06-11 17:45:06"}
{"code":"42703","file":"parse_relation.c","length":120,"level":"error","line":"3722","name":"error","position":"101","routine":"errorMissingColumn","severity":"ERROR","timestamp":"2026-06-11 17:45:06"}
{"code":"42703","file":"parse_relation.c","length":120,"level":"error","line":"3722","name":"error","position":"101","routine":"errorMissingColumn","severity":"ERROR","timestamp":"2026-06-11 17:45:06"}
{"code":"42703","file":"parse_relation.c","length":120,"level":"error","line":"3722","name":"error","position":"101","routine":"errorMissingColumn","severity":"ERROR","timestamp":"2026-06-11 17:45:06"}
{"code":"42703","file":"parse_relation.c","length":120,"level":"error","line":"3722","name":"error","position":"101","routine":"errorMissingColumn","severity":"ERROR","timestamp":"2026-06-11 17:45:06"}
{"level":"error","message":"Error verifying token: jwt malformed","timestamp":"2026-06-11 17:45:06"}
{"code":"42703","file":"parse_relation.c","length":120,"level":"error","line":"3722","name":"error","position":"101","routine":"errorMissingColumn","severity":"ERROR","timestamp":"2026-06-11 17:45:06"}
{"level":"error","message":"Error verifying token: jwt malformed","timestamp":"2026-06-11 17:45:06"}
{"code":"42703","file":"parse_relation.c","length":120,"level":"error","line":"3722","name":"error","position":"101","routine":"errorMissingColumn","severity":"ERROR","timestamp":"2026-06-11 17:45:06"}
{"level":"error","message":"Error verifying token: jwt malformed","timestamp":"2026-06-11 17:45:06"}
{"code":"42703","file":"parse_relation.c","length":120,"level":"error","line":"3722","name":"error","position":"101","routine":"errorMissingColumn","severity":"ERROR","timestamp":"2026-06-11 17:45:06"}
{"code":"42703","file":"parse_relation.c","length":120,"level":"error","line":"3722","name":"error","position":"101","routine":"errorMissingColumn","severity":"ERROR","timestamp":"2026-06-11 17:45:06"}
{"level":"error","message":"Error verifying token: jwt malformed","timestamp":"2026-06-11 17:45:06"}
{"code":"42703","file":"parse_relation.c","length":120,"level":"error","line":"3722","name":"error","position":"101","routine":"errorMissingColumn","severity":"ERROR","timestamp":"2026-06-11 17:45:06"}
{"level":"error","message":"Error verifying token: jwt malformed","timestamp":"2026-06-11 17:45:06"}
{"code":"42703","file":"parse_relation.c","length":120,"level":"error","line":"3722","name":"error","position":"101","routine":"errorMissingColumn","severity":"ERROR","timestamp":"2026-06-11 17:45:07"}
{"level":"error","message":"Error verifying token: jwt malformed","timestamp":"2026-06-11 17:45:07"}
{"level":"error","message":"Error verifying token: jwt malformed","timestamp":"2026-06-11 17:45:07"}
{"code":"42703","file":"parse_relation.c","length":120,"level":"error","line":"3722","name":"error","position":"101","routine":"errorMissingColumn","severity":"ERROR","timestamp":"2026-06-11 17:45:07"}
{"level":"error","message":"Error verifying token: jwt malformed","timestamp":"2026-06-11 17:45:07"}
{"code":"42703","file":"parse_relation.c","length":120,"level":"error","line":"3722","name":"error","position":"101","routine":"errorMissingColumn","severity":"ERROR","timestamp":"2026-06-11 17:45:07"}
{"level":"error","message":"Error verifying token: jwt malformed","timestamp":"2026-06-11 17:45:07"}
{"level":"error","message":"Error verifying token: jwt malformed","timestamp":"2026-06-11 17:45:07"}
{"code":"42703","file":"parse_relation.c","length":120,"level":"error","line":"3722","name":"error","position":"101","routine":"errorMissingColumn","severity":"ERROR","timestamp":"2026-06-11 17:45:07"}
{"level":"error","message":"Error verifying token: jwt malformed","timestamp":"2026-06-11 17:45:07"}
{"code":"42703","file":"parse_relation.c","length":120,"level":"error","line":"3722","name":"error","position":"101","routine":"errorMissingColumn","severity":"ERROR","timestamp":"2026-06-11 17:45:07"}
{"level":"error","message":"Error verifying token: jwt malformed","timestamp":"2026-06-11 17:45:07"}
{"code":"42703","file":"parse_relation.c","length":120,"level":"error","line":"3722","name":"error","position":"101","routine":"errorMissingColumn","severity":"ERROR","timestamp":"2026-06-11 17:45:07"}
{"level":"error","message":"Error verifying token: jwt malformed","timestamp":"2026-06-11 17:45:07"}
{"code":"42703","file":"parse_relation.c","length":120,"level":"error","line":"3722","name":"error","position":"101","routine":"errorMissingColumn","severity":"ERROR","timestamp":"2026-06-11 17:45:07"}
{"code":"42703","file":"parse_relation.c","length":120,"level":"error","line":"3722","name":"error","position":"101","routine":"errorMissingColumn","severity":"ERROR","timestamp":"2026-06-11 17:45:07"}
{"code":"42703","file":"parse_relation.c","length":120,"level":"error","line":"3722","name":"error","position":"101","routine":"errorMissingColumn","severity":"ERROR","timestamp":"2026-06-11 17:45:07"}
{"code":"42703","file":"parse_relation.c","length":120,"level":"error","line":"3722","name":"error","position":"101","routine":"errorMissingColumn","severity":"ERROR","timestamp":"2026-06-11 17:45:07"}
{"code":"42703","file":"parse_relation.c","length":120,"level":"error","line":"3722","name":"error","position":"101","routine":"errorMissingColumn","severity":"ERROR","timestamp":"2026-06-11 17:45:07"}
{"code":"42703","file":"parse_relation.c","length":120,"level":"error","line":"3722","name":"error","position":"101","routine":"errorMissingColumn","severity":"ERROR","timestamp":"2026-06-11 17:45:08"}
{"code":"42703","file":"parse_relation.c","length":120,"level":"error","line":"3722","name":"error","position":"101","routine":"errorMissingColumn","severity":"ERROR","timestamp":"2026-06-11 17:45:08"}
{"level":"error","message":"Error verifying token: jwt malformed","timestamp":"2026-06-11 17:45:08"}
{"code":"42703","file":"parse_relation.c","length":120,"level":"error","line":"3722","name":"error","position":"101","routine":"errorMissingColumn","severity":"ERROR","timestamp":"2026-06-11 17:45:08"}
{"code":"42703","file":"parse_relation.c","length":120,"level":"error","line":"3722","name":"error","position":"101","routine":"errorMissingColumn","severity":"ERROR","timestamp":"2026-06-11 17:45:08"}
{"level":"error","message":"Error verifying token: jwt malformed","timestamp":"2026-06-11 17:45:08"}
{"level":"error","message":"Error verifying token: jwt malformed","timestamp":"2026-06-11 17:45:08"}
{"level":"error","message":"Error verifying token: jwt malformed","timestamp":"2026-06-11 17:45:08"}
{"level":"error","message":"Error verifying token: jwt malformed","timestamp":"2026-06-11 17:45:08"}
{"code":"42703","file":"parse_relation.c","length":120,"level":"error","line":"3722","name":"error","position":"101","routine":"errorMissingColumn","severity":"ERROR","timestamp":"2026-06-11 17:45:08"}
{"code":"42703","file":"parse_relation.c","length":120,"level":"error","line":"3722","name":"error","position":"101","routine":"errorMissingColumn","severity":"ERROR","timestamp":"2026-06-11 17:45:08"}
{"level":"error","message":"Error verifying token: jwt malformed","timestamp":"2026-06-11 17:45:08"}
{"level":"error","message":"Error verifying token: jwt malformed","timestamp":"2026-06-11 17:45:08"}
{"level":"error","message":"Error verifying token: jwt malformed","timestamp":"2026-06-11 17:45:08"}
{"code":"42703","file":"parse_relation.c","length":120,"level":"error","line":"3722","name":"error","position":"101","routine":"errorMissingColumn","severity":"ERROR","timestamp":"2026-06-11 17:45:08"}
{"code":"42703","file":"parse_relation.c","length":120,"level":"error","line":"3722","name":"error","position":"101","routine":"errorMissingColumn","severity":"ERROR","timestamp":"2026-06-11 17:45:08"}
{"level":"error","message":"Error verifying token: jwt malformed","timestamp":"2026-06-11 17:45:08"}
{"level":"error","message":"Error verifying token: jwt malformed","timestamp":"2026-06-11 17:45:08"}
{"code":"42703","file":"parse_relation.c","length":120,"level":"error","line":"3722","name":"error","position":"101","routine":"errorMissingColumn","severity":"ERROR","timestamp":"2026-06-11 17:45:08"}
{"level":"error","message":"Error verifying token: jwt malformed","timestamp":"2026-06-11 17:45:08"}
{"code":"42703","file":"parse_relation.c","length":120,"level":"error","line":"3722","name":"error","position":"101","routine":"errorMissingColumn","severity":"ERROR","timestamp":"2026-06-11 17:45:09"}
{"code":"42703","file":"parse_relation.c","length":120,"level":"error","line":"3722","name":"error","position":"101","routine":"errorMissingColumn","severity":"ERROR","timestamp":"2026-06-11 17:45:09"}
{"level":"error","message":"Error verifying token: jwt malformed","timestamp":"2026-06-11 17:45:09"}
{"code":"42703","file":"parse_relation.c","length":120,"level":"error","line":"3722","name":"error","position":"101","routine":"errorMissingColumn","severity":"ERROR","timestamp":"2026-06-11 17:45:09"}
{"code":"42703","file":"parse_relation.c","length":120,"level":"error","line":"3722","name":"error","position":"101","routine":"errorMissingColumn","severity":"ERROR","timestamp":"2026-06-11 17:45:09"}
{"level":"error","message":"Error verifying token: jwt malformed","timestamp":"2026-06-11 17:45:09"}
{"level":"error","message":"Error verifying token: jwt malformed","timestamp":"2026-06-11 17:45:09"}
{"level":"error","message":"Error verifying token: jwt malformed","timestamp":"2026-06-11 17:45:09"}
{"level":"error","message":"Error verifying token: jwt malformed","timestamp":"2026-06-11 17:45:09"}
{"code":"42703","file":"parse_relation.c","length":120,"level":"error","line":"3722","name":"error","position":"101","routine":"errorMissingColumn","severity":"ERROR","timestamp":"2026-06-11 17:45:09"}
{"code":"42703","file":"parse_relation.c","length":120,"level":"error","line":"3722","name":"error","position":"101","routine":"errorMissingColumn","severity":"ERROR","timestamp":"2026-06-11 17:45:09"}
{"level":"error","message":"Error verifying token: jwt malformed","timestamp":"2026-06-11 17:45:09"}
{"level":"error","message":"Error verifying token: jwt malformed","timestamp":"2026-06-11 17:45:09"}
{"level":"error","message":"Error verifying token: jwt malformed","timestamp":"2026-06-11 17:45:09"}
{"code":"42703","file":"parse_relation.c","length":120,"level":"error","line":"3722","name":"error","position":"101","routine":"errorMissingColumn","severity":"ERROR","timestamp":"2026-06-11 17:45:09"}
{"code":"42703","file":"parse_relation.c","length":120,"level":"error","line":"3722","name":"error","position":"101","routine":"errorMissingColumn","severity":"ERROR","timestamp":"2026-06-11 17:45:09"}
{"level":"error","message":"Error verifying token: jwt malformed","timestamp":"2026-06-11 17:45:09"}
{"level":"error","message":"Error verifying token: jwt malformed","timestamp":"2026-06-11 17:45:09"}
{"code":"42703","file":"parse_relation.c","length":120,"level":"error","line":"3722","name":"error","position":"101","routine":"errorMissingColumn","severity":"ERROR","timestamp":"2026-06-11 17:45:09"}
{"level":"error","message":"Error verifying token: jwt malformed","timestamp":"2026-06-11 17:45:09"}
{"level":"error","message":"[NotificationService] Failed to send notification email","timestamp":"2026-06-11 17:45:09"}
{"level":"error","message":"User with this email already exists","timestamp":"2026-06-11 17:45:52"}
{"level":"error","timestamp":"2026-06-11 17:45:52"}
{"level":"error","message":"[NotificationService] Failed to send notification email","timestamp":"2026-06-11 17:46:10"}
{"level":"error","message":"User with this email already exists","timestamp":"2026-06-11 17:46:40"}
{"level":"error","timestamp":"2026-06-11 17:46:40"}
{"level":"error","message":"[NotificationService] Failed to send notification email","timestamp":"2026-06-11 17:46:45"}
{"level":"error","message":"middlewareError","meta":{"date":"Thu Jun 11 2026 17:48:35 GMT+0200 (heure d’été d’Europe centrale)","error":{"expected":2830867,"length":2830867,"limit":1048576,"message":"request entity too large","type":"entity.too.large"},"exception":true,"level":"error","message":"uncaughtException: request entity too large\nPayloadTooLargeError: request entity too large\n    at readStream (F:\\Cours\\ProjetFinal\\radioMonoko-back\\node_modules\\raw-body\\index.js:163:17)\n    at getRawBody (F:\\Cours\\ProjetFinal\\radioMonoko-back\\node_modules\\raw-body\\index.js:116:12)\n    at read (F:\\Cours\\ProjetFinal\\radioMonoko-back\\node_modules\\body-parser\\lib\\read.js:79:3)\n    at jsonParser (F:\\Cours\\ProjetFinal\\radioMonoko-back\\node_modules\\body-parser\\lib\\types\\json.js:138:5)\n    at Layer.handle [as handle_request] (F:\\Cours\\ProjetFinal\\radioMonoko-back\\node_modules\\express\\lib\\router\\layer.js:95:5)\n    at trim_prefix (F:\\Cours\\ProjetFinal\\radioMonoko-back\\node_modules\\express\\lib\\router\\index.js:328:13)\n    at F:\\Cours\\ProjetFinal\\radioMonoko-back\\node_modules\\express\\lib\\router\\index.js:286:9\n    at router.process_params (F:\\Cours\\ProjetFinal\\radioMonoko-back\\node_modules\\express\\lib\\router\\index.js:346:12)\n    at next (F:\\Cours\\ProjetFinal\\radioMonoko-back\\node_modules\\express\\lib\\router\\index.js:280:10)\n    at F:\\Cours\\ProjetFinal\\radioMonoko-back\\node_modules\\express-winston\\index.js:429:9","os":{"loadavg":[0,0,0],"uptime":2446.218},"process":{"argv":["C:\\Program Files\\nodejs\\node.exe","F:\\Cours\\ProjetFinal\\radioMonoko-back\\index.ts"],"cwd":"F:\\Cours\\ProjetFinal\\radioMonoko-back","execPath":"C:\\Program Files\\nodejs\\node.exe","gid":null,"memoryUsage":{"arrayBuffers":4056056,"external":8282145,"heapTotal":42487808,"heapUsed":39066144,"rss":124489728},"pid":23040,"uid":null,"version":"v24.13.0"},"req":{"headers":{"accept":"application/json, text/plain, */*","accept-encoding":"gzip, deflate, br, zstd","accept-language":"fr-FR,fr;q=0.9,en-US;q=0.8,en;q=0.7","authorization":"Bearer eyJhbGciOiJIUzI1NiIsInR5cCI6IkpXVCJ9.eyJpZCI6ImE2MDkyZDFlLTBiNTctNGUyZS04YTlmLTkyOTgzOGQ1NWFkNSIsImVtYWlsIjoiYWRtaW5AYWRtaW4uY29tIiwicm9sZSI6InVzZXIiLCJpYXQiOjE3ODExOTI5MDksImV4cCI6MTc4MTE5NjUwOX0.58O8utgEowq1B9-XLQc_rdEmaqn7Pa228XAmnJiya9A","connection":"close","content-length":"2830867","content-type":"application/json","cookie":"language=en; welcomebanner_status=dismiss; cookieconsent_status=dismiss; continueCode=V7enOEV7owOjNpzbmZEYlyx69M4JAq4D0gWnLKD3vRQX12rkePBa58qPQ32v","host":"localhost:3000","origin":"http://localhost:5173","referer":"http://localhost:5173/","sec-ch-ua":"\"Chromium\";v=\"148\", \"Google Chrome\";v=\"148\", \"Not/A)Brand\";v=\"99\"","sec-ch-ua-mobile":"?0","sec-ch-ua-platform":"\"Windows\"","sec-fetch-dest":"empty","sec-fetch-mode":"cors","sec-fetch-site":"same-origin","user-agent":"Mozilla/5.0 (Windows NT 10.0; Win64; x64) AppleWebKit/537.36 (KHTML, like Gecko) Chrome/148.0.0.0 Safari/537.36"},"httpVersion":"1.1","method":"POST","originalUrl":"/user/me/avatar-base64","query":{},"url":"/user/me/avatar-base64"},"stack":"PayloadTooLargeError: request entity too large\n    at readStream (F:\\Cours\\ProjetFinal\\radioMonoko-back\\node_modules\\raw-body\\index.js:163:17)\n    at getRawBody (F:\\Cours\\ProjetFinal\\radioMonoko-back\\node_modules\\raw-body\\index.js:116:12)\n    at read (F:\\Cours\\ProjetFinal\\radioMonoko-back\\node_modules\\body-parser\\lib\\read.js:79:3)\n    at jsonParser (F:\\Cours\\ProjetFinal\\radioMonoko-back\\node_modules\\body-parser\\lib\\types\\json.js:138:5)\n    at Layer.handle [as handle_request] (F:\\Cours\\ProjetFinal\\radioMonoko-back\\node_modules\\express\\lib\\router\\layer.js:95:5)\n    at trim_prefix (F:\\Cours\\ProjetFinal\\radioMonoko-back\\node_modules\\express\\lib\\router\\index.js:328:13)\n    at F:\\Cours\\ProjetFinal\\radioMonoko-back\\node_modules\\express\\lib\\router\\index.js:286:9\n    at router.process_params (F:\\Cours\\ProjetFinal\\radioMonoko-back\\node_modules\\express\\lib\\router\\index.js:346:12)\n    at next (F:\\Cours\\ProjetFinal\\radioMonoko-back\\node_modules\\express\\lib\\router\\index.js:280:10)\n    at F:\\Cours\\ProjetFinal\\radioMonoko-back\\node_modules\\express-winston\\index.js:429:9","trace":[{"column":17,"file":"F:\\Cours\\ProjetFinal\\radioMonoko-back\\node_modules\\raw-body\\index.js","function":"readStream","line":163,"method":null,"native":false},{"column":12,"file":"F:\\Cours\\ProjetFinal\\radioMonoko-back\\node_modules\\raw-body\\index.js","function":"getRawBody","line":116,"method":null,"native":false},{"column":3,"file":"F:\\Cours\\ProjetFinal\\radioMonoko-back\\node_modules\\body-parser\\lib\\read.js","function":"read","line":79,"method":null,"native":false},{"column":5,"file":"F:\\Cours\\ProjetFinal\\radioMonoko-back\\node_modules\\body-parser\\lib\\types\\json.js","function":"jsonParser","line":138,"method":null,"native":false},{"column":5,"file":"F:\\Cours\\ProjetFinal\\radioMonoko-back\\node_modules\\express\\lib\\router\\layer.js","function":"Layer.handle [as handle_request]","line":95,"method":"handle [as handle_request]","native":false},{"column":13,"file":"F:\\Cours\\ProjetFinal\\radioMonoko-back\\node_modules\\express\\lib\\router\\index.js","function":"trim_prefix","line":328,"method":null,"native":false},{"column":9,"file":"F:\\Cours\\ProjetFinal\\radioMonoko-back\\node_modules\\express\\lib\\router\\index.js","function":null,"line":286,"method":null,"native":false},{"column":12,"file":"F:\\Cours\\ProjetFinal\\radioMonoko-back\\node_modules\\express\\lib\\router\\index.js","function":"router.process_params","line":346,"method":"process_params","native":false},{"column":10,"file":"F:\\Cours\\ProjetFinal\\radioMonoko-back\\node_modules\\express\\lib\\router\\index.js","function":"next","line":280,"method":null,"native":false},{"column":9,"file":"F:\\Cours\\ProjetFinal\\radioMonoko-back\\node_modules\\express-winston\\index.js","function":null,"line":429,"method":null,"native":false}]},"timestamp":"2026-06-11 17:48:35"}
{"level":"error","message":"middlewareError","meta":{"date":"Thu Jun 11 2026 17:50:18 GMT+0200 (heure d’été d’Europe centrale)","error":{"expected":1263351,"length":1263351,"limit":1048576,"message":"request entity too large","type":"entity.too.large"},"exception":true,"level":"error","message":"uncaughtException: request entity too large\nPayloadTooLargeError: request entity too large\n    at readStream (F:\\Cours\\ProjetFinal\\radioMonoko-back\\node_modules\\raw-body\\index.js:163:17)\n    at getRawBody (F:\\Cours\\ProjetFinal\\radioMonoko-back\\node_modules\\raw-body\\index.js:116:12)\n    at read (F:\\Cours\\ProjetFinal\\radioMonoko-back\\node_modules\\body-parser\\lib\\read.js:79:3)\n    at jsonParser (F:\\Cours\\ProjetFinal\\radioMonoko-back\\node_modules\\body-parser\\lib\\types\\json.js:138:5)\n    at Layer.handle [as handle_request] (F:\\Cours\\ProjetFinal\\radioMonoko-back\\node_modules\\express\\lib\\router\\layer.js:95:5)\n    at trim_prefix (F:\\Cours\\ProjetFinal\\radioMonoko-back\\node_modules\\express\\lib\\router\\index.js:328:13)\n    at F:\\Cours\\ProjetFinal\\radioMonoko-back\\node_modules\\express\\lib\\router\\index.js:286:9\n    at router.process_params (F:\\Cours\\ProjetFinal\\radioMonoko-back\\node_modules\\express\\lib\\router\\index.js:346:12)\n    at next (F:\\Cours\\ProjetFinal\\radioMonoko-back\\node_modules\\express\\lib\\router\\index.js:280:10)\n    at F:\\Cours\\ProjetFinal\\radioMonoko-back\\node_modules\\express-winston\\index.js:429:9","os":{"loadavg":[0,0,0],"uptime":2549.39},"process":{"argv":["C:\\Program Files\\nodejs\\node.exe","F:\\Cours\\ProjetFinal\\radioMonoko-back\\index.ts"],"cwd":"F:\\Cours\\ProjetFinal\\radioMonoko-back","execPath":"C:\\Program Files\\nodejs\\node.exe","gid":null,"memoryUsage":{"arrayBuffers":3472903,"external":7699192,"heapTotal":44068864,"heapUsed":40434384,"rss":125329408},"pid":23040,"uid":null,"version":"v24.13.0"},"req":{"headers":{"accept":"application/json, text/plain, */*","accept-encoding":"gzip, deflate, br, zstd","accept-language":"fr-FR,fr;q=0.9,en-US;q=0.8,en;q=0.7","authorization":"Bearer eyJhbGciOiJIUzI1NiIsInR5cCI6IkpXVCJ9.eyJpZCI6ImE2MDkyZDFlLTBiNTctNGUyZS04YTlmLTkyOTgzOGQ1NWFkNSIsImVtYWlsIjoiYWRtaW5AYWRtaW4uY29tIiwicm9sZSI6InVzZXIiLCJpYXQiOjE3ODExOTI5MDksImV4cCI6MTc4MTE5NjUwOX0.58O8utgEowq1B9-XLQc_rdEmaqn7Pa228XAmnJiya9A","connection":"close","content-length":"1263351","content-type":"application/json","cookie":"language=en; welcomebanner_status=dismiss; cookieconsent_status=dismiss; continueCode=V7enOEV7owOjNpzbmZEYlyx69M4JAq4D0gWnLKD3vRQX12rkePBa58qPQ32v","host":"localhost:3000","origin":"http://localhost:5173","referer":"http://localhost:5173/","sec-ch-ua":"\"Chromium\";v=\"148\", \"Google Chrome\";v=\"148\", \"Not/A)Brand\";v=\"99\"","sec-ch-ua-mobile":"?0","sec-ch-ua-platform":"\"Windows\"","sec-fetch-dest":"empty","sec-fetch-mode":"cors","sec-fetch-site":"same-origin","user-agent":"Mozilla/5.0 (Windows NT 10.0; Win64; x64) AppleWebKit/537.36 (KHTML, like Gecko) Chrome/148.0.0.0 Safari/537.36"},"httpVersion":"1.1","method":"POST","originalUrl":"/user/me/avatar-base64","query":{},"url":"/user/me/avatar-base64"},"stack":"PayloadTooLargeError: request entity too large\n    at readStream (F:\\Cours\\ProjetFinal\\radioMonoko-back\\node_modules\\raw-body\\index.js:163:17)\n    at getRawBody (F:\\Cours\\ProjetFinal\\radioMonoko-back\\node_modules\\raw-body\\index.js:116:12)\n    at read (F:\\Cours\\ProjetFinal\\radioMonoko-back\\node_modules\\body-parser\\lib\\read.js:79:3)\n    at jsonParser (F:\\Cours\\ProjetFinal\\radioMonoko-back\\node_modules\\body-parser\\lib\\types\\json.js:138:5)\n    at Layer.handle [as handle_request] (F:\\Cours\\ProjetFinal\\radioMonoko-back\\node_modules\\express\\lib\\router\\layer.js:95:5)\n    at trim_prefix (F:\\Cours\\ProjetFinal\\radioMonoko-back\\node_modules\\express\\lib\\router\\index.js:328:13)\n    at F:\\Cours\\ProjetFinal\\radioMonoko-back\\node_modules\\express\\lib\\router\\index.js:286:9\n    at router.process_params (F:\\Cours\\ProjetFinal\\radioMonoko-back\\node_modules\\express\\lib\\router\\index.js:346:12)\n    at next (F:\\Cours\\ProjetFinal\\radioMonoko-back\\node_modules\\express\\lib\\router\\index.js:280:10)\n    at F:\\Cours\\ProjetFinal\\radioMonoko-back\\node_modules\\express-winston\\index.js:429:9","trace":[{"column":17,"file":"F:\\Cours\\ProjetFinal\\radioMonoko-back\\node_modules\\raw-body\\index.js","function":"readStream","line":163,"method":null,"native":false},{"column":12,"file":"F:\\Cours\\ProjetFinal\\radioMonoko-back\\node_modules\\raw-body\\index.js","function":"getRawBody","line":116,"method":null,"native":false},{"column":3,"file":"F:\\Cours\\ProjetFinal\\radioMonoko-back\\node_modules\\body-parser\\lib\\read.js","function":"read","line":79,"method":null,"native":false},{"column":5,"file":"F:\\Cours\\ProjetFinal\\radioMonoko-back\\node_modules\\body-parser\\lib\\types\\json.js","function":"jsonParser","line":138,"method":null,"native":false},{"column":5,"file":"F:\\Cours\\ProjetFinal\\radioMonoko-back\\node_modules\\express\\lib\\router\\layer.js","function":"Layer.handle [as handle_request]","line":95,"method":"handle [as handle_request]","native":false},{"column":13,"file":"F:\\Cours\\ProjetFinal\\radioMonoko-back\\node_modules\\express\\lib\\router\\index.js","function":"trim_prefix","line":328,"method":null,"native":false},{"column":9,"file":"F:\\Cours\\ProjetFinal\\radioMonoko-back\\node_modules\\express\\lib\\router\\index.js","function":null,"line":286,"method":null,"native":false},{"column":12,"file":"F:\\Cours\\ProjetFinal\\radioMonoko-back\\node_modules\\express\\lib\\router\\index.js","function":"router.process_params","line":346,"method":"process_params","native":false},{"column":10,"file":"F:\\Cours\\ProjetFinal\\radioMonoko-back\\node_modules\\express\\lib\\router\\index.js","function":"next","line":280,"method":null,"native":false},{"column":9,"file":"F:\\Cours\\ProjetFinal\\radioMonoko-back\\node_modules\\express-winston\\index.js","function":null,"line":429,"method":null,"native":false}]},"timestamp":"2026-06-11 17:50:18"}
{"level":"error","message":"middlewareError","meta":{"date":"Thu Jun 11 2026 17:52:54 GMT+0200 (heure d’été d’Europe centrale)","error":{"expected":1263351,"length":1263351,"limit":1048576,"message":"request entity too large","type":"entity.too.large"},"exception":true,"level":"error","message":"uncaughtException: request entity too large\nPayloadTooLargeError: request entity too large\n    at readStream (F:\\Cours\\ProjetFinal\\radioMonoko-back\\node_modules\\raw-body\\index.js:163:17)\n    at getRawBody (F:\\Cours\\ProjetFinal\\radioMonoko-back\\node_modules\\raw-body\\index.js:116:12)\n    at read (F:\\Cours\\ProjetFinal\\radioMonoko-back\\node_modules\\body-parser\\lib\\read.js:79:3)\n    at jsonParser (F:\\Cours\\ProjetFinal\\radioMonoko-back\\node_modules\\body-parser\\lib\\types\\json.js:138:5)\n    at Layer.handle [as handle_request] (F:\\Cours\\ProjetFinal\\radioMonoko-back\\node_modules\\express\\lib\\router\\layer.js:95:5)\n    at trim_prefix (F:\\Cours\\ProjetFinal\\radioMonoko-back\\node_modules\\express\\lib\\router\\index.js:328:13)\n    at F:\\Cours\\ProjetFinal\\radioMonoko-back\\node_modules\\express\\lib\\router\\index.js:286:9\n    at router.process_params (F:\\Cours\\ProjetFinal\\radioMonoko-back\\node_modules\\express\\lib\\router\\index.js:346:12)\n    at next (F:\\Cours\\ProjetFinal\\radioMonoko-back\\node_modules\\express\\lib\\router\\index.js:280:10)\n    at F:\\Cours\\ProjetFinal\\radioMonoko-back\\node_modules\\express-winston\\index.js:429:9","os":{"loadavg":[0,0,0],"uptime":2705.25},"process":{"argv":["C:\\Program Files\\nodejs\\node.exe","F:\\Cours\\ProjetFinal\\radioMonoko-back\\index.ts"],"cwd":"F:\\Cours\\ProjetFinal\\radioMonoko-back","execPath":"C:\\Program Files\\nodejs\\node.exe","gid":null,"memoryUsage":{"arrayBuffers":3746162,"external":7972931,"heapTotal":46428160,"heapUsed":44249040,"rss":128856064},"pid":23040,"uid":null,"version":"v24.13.0"},"req":{"headers":{"accept":"application/json, text/plain, */*","accept-encoding":"gzip, deflate, br, zstd","accept-language":"fr-FR,fr;q=0.9,en-US;q=0.8,en;q=0.7","authorization":"Bearer eyJhbGciOiJIUzI1NiIsInR5cCI6IkpXVCJ9.eyJpZCI6ImE2MDkyZDFlLTBiNTctNGUyZS04YTlmLTkyOTgzOGQ1NWFkNSIsImVtYWlsIjoiYWRtaW5AYWRtaW4uY29tIiwicm9sZSI6InVzZXIiLCJpYXQiOjE3ODExOTI5MDksImV4cCI6MTc4MTE5NjUwOX0.58O8utgEowq1B9-XLQc_rdEmaqn7Pa228XAmnJiya9A","connection":"close","content-length":"1263351","content-type":"application/json","cookie":"language=en; welcomebanner_status=dismiss; cookieconsent_status=dismiss; continueCode=V7enOEV7owOjNpzbmZEYlyx69M4JAq4D0gWnLKD3vRQX12rkePBa58qPQ32v","host":"localhost:3000","origin":"http://localhost:5173","referer":"http://localhost:5173/users/497de22f-37e0-4aa7-9ec2-07463aa81f1f","sec-ch-ua":"\"Chromium\";v=\"148\", \"Google Chrome\";v=\"148\", \"Not/A)Brand\";v=\"99\"","sec-ch-ua-mobile":"?0","sec-ch-ua-platform":"\"Windows\"","sec-fetch-dest":"empty","sec-fetch-mode":"cors","sec-fetch-site":"same-origin","user-agent":"Mozilla/5.0 (Windows NT 10.0; Win64; x64) AppleWebKit/537.36 (KHTML, like Gecko) Chrome/148.0.0.0 Safari/537.36"},"httpVersion":"1.1","method":"POST","originalUrl":"/user/me/avatar-base64","query":{},"url":"/user/me/avatar-base64"},"stack":"PayloadTooLargeError: request entity too large\n    at readStream (F:\\Cours\\ProjetFinal\\radioMonoko-back\\node_modules\\raw-body\\index.js:163:17)\n    at getRawBody (F:\\Cours\\ProjetFinal\\radioMonoko-back\\node_modules\\raw-body\\index.js:116:12)\n    at read (F:\\Cours\\ProjetFinal\\radioMonoko-back\\node_modules\\body-parser\\lib\\read.js:79:3)\n    at jsonParser (F:\\Cours\\ProjetFinal\\radioMonoko-back\\node_modules\\body-parser\\lib\\types\\json.js:138:5)\n    at Layer.handle [as handle_request] (F:\\Cours\\ProjetFinal\\radioMonoko-back\\node_modules\\express\\lib\\router\\layer.js:95:5)\n    at trim_prefix (F:\\Cours\\ProjetFinal\\radioMonoko-back\\node_modules\\express\\lib\\router\\index.js:328:13)\n    at F:\\Cours\\ProjetFinal\\radioMonoko-back\\node_modules\\express\\lib\\router\\index.js:286:9\n    at router.process_params (F:\\Cours\\ProjetFinal\\radioMonoko-back\\node_modules\\express\\lib\\router\\index.js:346:12)\n    at next (F:\\Cours\\ProjetFinal\\radioMonoko-back\\node_modules\\express\\lib\\router\\index.js:280:10)\n    at F:\\Cours\\ProjetFinal\\radioMonoko-back\\node_modules\\express-winston\\index.js:429:9","trace":[{"column":17,"file":"F:\\Cours\\ProjetFinal\\radioMonoko-back\\node_modules\\raw-body\\index.js","function":"readStream","line":163,"method":null,"native":false},{"column":12,"file":"F:\\Cours\\ProjetFinal\\radioMonoko-back\\node_modules\\raw-body\\index.js","function":"getRawBody","line":116,"method":null,"native":false},{"column":3,"file":"F:\\Cours\\ProjetFinal\\radioMonoko-back\\node_modules\\body-parser\\lib\\read.js","function":"read","line":79,"method":null,"native":false},{"column":5,"file":"F:\\Cours\\ProjetFinal\\radioMonoko-back\\node_modules\\body-parser\\lib\\types\\json.js","function":"jsonParser","line":138,"method":null,"native":false},{"column":5,"file":"F:\\Cours\\ProjetFinal\\radioMonoko-back\\node_modules\\express\\lib\\router\\layer.js","function":"Layer.handle [as handle_request]","line":95,"method":"handle [as handle_request]","native":false},{"column":13,"file":"F:\\Cours\\ProjetFinal\\radioMonoko-back\\node_modules\\express\\lib\\router\\index.js","function":"trim_prefix","line":328,"method":null,"native":false},{"column":9,"file":"F:\\Cours\\ProjetFinal\\radioMonoko-back\\node_modules\\express\\lib\\router\\index.js","function":null,"line":286,"method":null,"native":false},{"column":12,"file":"F:\\Cours\\ProjetFinal\\radioMonoko-back\\node_modules\\express\\lib\\router\\index.js","function":"router.process_params","line":346,"method":"process_params","native":false},{"column":10,"file":"F:\\Cours\\ProjetFinal\\radioMonoko-back\\node_modules\\express\\lib\\router\\index.js","function":"next","line":280,"method":null,"native":false},{"column":9,"file":"F:\\Cours\\ProjetFinal\\radioMonoko-back\\node_modules\\express-winston\\index.js","function":null,"line":429,"method":null,"native":false}]},"timestamp":"2026-06-11 17:52:54"}
{"level":"error","message":"middlewareError","meta":{"date":"Thu Jun 11 2026 17:54:14 GMT+0200 (heure d’été d’Europe centrale)","error":{"expected":11893088,"length":11893088,"limit":1048576,"message":"request entity too large","type":"entity.too.large"},"exception":true,"level":"error","message":"uncaughtException: request entity too large\nPayloadTooLargeError: request entity too large\n    at readStream (F:\\Cours\\ProjetFinal\\radioMonoko-back\\node_modules\\raw-body\\index.js:163:17)\n    at getRawBody (F:\\Cours\\ProjetFinal\\radioMonoko-back\\node_modules\\raw-body\\index.js:116:12)\n    at read (F:\\Cours\\ProjetFinal\\radioMonoko-back\\node_modules\\body-parser\\lib\\read.js:79:3)\n    at jsonParser (F:\\Cours\\ProjetFinal\\radioMonoko-back\\node_modules\\body-parser\\lib\\types\\json.js:138:5)\n    at Layer.handle [as handle_request] (F:\\Cours\\ProjetFinal\\radioMonoko-back\\node_modules\\express\\lib\\router\\layer.js:95:5)\n    at trim_prefix (F:\\Cours\\ProjetFinal\\radioMonoko-back\\node_modules\\express\\lib\\router\\index.js:328:13)\n    at F:\\Cours\\ProjetFinal\\radioMonoko-back\\node_modules\\express\\lib\\router\\index.js:286:9\n    at router.process_params (F:\\Cours\\ProjetFinal\\radioMonoko-back\\node_modules\\express\\lib\\router\\index.js:346:12)\n    at next (F:\\Cours\\ProjetFinal\\radioMonoko-back\\node_modules\\express\\lib\\router\\index.js:280:10)\n    at F:\\Cours\\ProjetFinal\\radioMonoko-back\\node_modules\\express-winston\\index.js:429:9","os":{"loadavg":[0,0,0],"uptime":2784.812},"process":{"argv":["C:\\Program Files\\nodejs\\node.exe","F:\\Cours\\ProjetFinal\\radioMonoko-back\\index.ts"],"cwd":"F:\\Cours\\ProjetFinal\\radioMonoko-back","execPath":"C:\\Program Files\\nodejs\\node.exe","gid":null,"memoryUsage":{"arrayBuffers":11248354,"external":15474419,"heapTotal":47472640,"heapUsed":40642776,"rss":136814592},"pid":23040,"uid":null,"version":"v24.13.0"},"req":{"headers":{"accept":"application/json, text/plain, */*","accept-encoding":"gzip, deflate, br, zstd","accept-language":"fr-FR,fr;q=0.9,en-US;q=0.8,en;q=0.7","authorization":"Bearer eyJhbGciOiJIUzI1NiIsInR5cCI6IkpXVCJ9.eyJpZCI6ImE2MDkyZDFlLTBiNTctNGUyZS04YTlmLTkyOTgzOGQ1NWFkNSIsImVtYWlsIjoiYWRtaW5AYWRtaW4uY29tIiwicm9sZSI6InVzZXIiLCJpYXQiOjE3ODExOTI5MDksImV4cCI6MTc4MTE5NjUwOX0.58O8utgEowq1B9-XLQc_rdEmaqn7Pa228XAmnJiya9A","connection":"close","content-length":"11893088","content-type":"application/json","cookie":"language=en; welcomebanner_status=dismiss; cookieconsent_status=dismiss; continueCode=V7enOEV7owOjNpzbmZEYlyx69M4JAq4D0gWnLKD3vRQX12rkePBa58qPQ32v","host":"localhost:3000","origin":"http://localhost:5173","referer":"http://localhost:5173/users/497de22f-37e0-4aa7-9ec2-07463aa81f1f","sec-ch-ua":"\"Chromium\";v=\"148\", \"Google Chrome\";v=\"148\", \"Not/A)Brand\";v=\"99\"","sec-ch-ua-mobile":"?0","sec-ch-ua-platform":"\"Windows\"","sec-fetch-dest":"empty","sec-fetch-mode":"cors","sec-fetch-site":"same-origin","user-agent":"Mozilla/5.0 (Windows NT 10.0; Win64; x64) AppleWebKit/537.36 (KHTML, like Gecko) Chrome/148.0.0.0 Safari/537.36"},"httpVersion":"1.1","method":"POST","originalUrl":"/user/me/avatar-base64","query":{},"url":"/user/me/avatar-base64"},"stack":"PayloadTooLargeError: request entity too large\n    at readStream (F:\\Cours\\ProjetFinal\\radioMonoko-back\\node_modules\\raw-body\\index.js:163:17)\n    at getRawBody (F:\\Cours\\ProjetFinal\\radioMonoko-back\\node_modules\\raw-body\\index.js:116:12)\n    at read (F:\\Cours\\ProjetFinal\\radioMonoko-back\\node_modules\\body-parser\\lib\\read.js:79:3)\n    at jsonParser (F:\\Cours\\ProjetFinal\\radioMonoko-back\\node_modules\\body-parser\\lib\\types\\json.js:138:5)\n    at Layer.handle [as handle_request] (F:\\Cours\\ProjetFinal\\radioMonoko-back\\node_modules\\express\\lib\\router\\layer.js:95:5)\n    at trim_prefix (F:\\Cours\\ProjetFinal\\radioMonoko-back\\node_modules\\express\\lib\\router\\index.js:328:13)\n    at F:\\Cours\\ProjetFinal\\radioMonoko-back\\node_modules\\express\\lib\\router\\index.js:286:9\n    at router.process_params (F:\\Cours\\ProjetFinal\\radioMonoko-back\\node_modules\\express\\lib\\router\\index.js:346:12)\n    at next (F:\\Cours\\ProjetFinal\\radioMonoko-back\\node_modules\\express\\lib\\router\\index.js:280:10)\n    at F:\\Cours\\ProjetFinal\\radioMonoko-back\\node_modules\\express-winston\\index.js:429:9","trace":[{"column":17,"file":"F:\\Cours\\ProjetFinal\\radioMonoko-back\\node_modules\\raw-body\\index.js","function":"readStream","line":163,"method":null,"native":false},{"column":12,"file":"F:\\Cours\\ProjetFinal\\radioMonoko-back\\node_modules\\raw-body\\index.js","function":"getRawBody","line":116,"method":null,"native":false},{"column":3,"file":"F:\\Cours\\ProjetFinal\\radioMonoko-back\\node_modules\\body-parser\\lib\\read.js","function":"read","line":79,"method":null,"native":false},{"column":5,"file":"F:\\Cours\\ProjetFinal\\radioMonoko-back\\node_modules\\body-parser\\lib\\types\\json.js","function":"jsonParser","line":138,"method":null,"native":false},{"column":5,"file":"F:\\Cours\\ProjetFinal\\radioMonoko-back\\node_modules\\express\\lib\\router\\layer.js","function":"Layer.handle [as handle_request]","line":95,"method":"handle [as handle_request]","native":false},{"column":13,"file":"F:\\Cours\\ProjetFinal\\radioMonoko-back\\node_modules\\express\\lib\\router\\index.js","function":"trim_prefix","line":328,"method":null,"native":false},{"column":9,"file":"F:\\Cours\\ProjetFinal\\radioMonoko-back\\node_modules\\express\\lib\\router\\index.js","function":null,"line":286,"method":null,"native":false},{"column":12,"file":"F:\\Cours\\ProjetFinal\\radioMonoko-back\\node_modules\\express\\lib\\router\\index.js","function":"router.process_params","line":346,"method":"process_params","native":false},{"column":10,"file":"F:\\Cours\\ProjetFinal\\radioMonoko-back\\node_modules\\express\\lib\\router\\index.js","function":"next","line":280,"method":null,"native":false},{"column":9,"file":"F:\\Cours\\ProjetFinal\\radioMonoko-back\\node_modules\\express-winston\\index.js","function":null,"line":429,"method":null,"native":false}]},"timestamp":"2026-06-11 17:54:14"}
